This is XeTeX, Version 3.14159265-2.6-0.999992 (TeX Live 2020/W32TeX) (preloaded format=xelatex 2020.11.3)  28 JAN 2021 10:39
entering extended mode
 restricted \write18 enabled.
 %&-line parsing enabled.
**gitocharan.tex
(./gitocharan.tex
LaTeX2e <2020-10-01> patch level 2
L3 programming layer <2020-10-27> xparse <2020-03-03>
(c:/texlive/2020/texmf-dist/tex/latex/base/book.cls
Document Class: book 2020/04/10 v1.4m Standard LaTeX document class
(c:/texlive/2020/texmf-dist/tex/latex/base/bk12.clo
File: bk12.clo 2020/04/10 v1.4m Standard LaTeX file (size option)
)
\c@part=\count171
\c@chapter=\count172
\c@section=\count173
\c@subsection=\count174
\c@subsubsection=\count175
\c@paragraph=\count176
\c@subparagraph=\count177
\c@figure=\count178
\c@table=\count179
\abovecaptionskip=\skip47
\belowcaptionskip=\skip48
\bibindent=\dimen138
)
(c:/texlive/2020/texmf-dist/tex/latex/geometry/geometry.sty
Package: geometry 2020/01/02 v5.9 Page Geometry

(c:/texlive/2020/texmf-dist/tex/latex/graphics/keyval.sty
Package: keyval 2014/10/28 v1.15 key=value parser (DPC)
\KV@toks@=\toks15
)
(c:/texlive/2020/texmf-dist/tex/generic/iftex/ifvtex.sty
Package: ifvtex 2019/10/25 v1.7 ifvtex legacy package. Use iftex instead.

(c:/texlive/2020/texmf-dist/tex/generic/iftex/iftex.sty
Package: iftex 2020/03/06 v1.0d TeX engine tests
))
\Gm@cnth=\count180
\Gm@cntv=\count181
\c@Gm@tempcnt=\count182
\Gm@bindingoffset=\dimen139
\Gm@wd@mp=\dimen140
\Gm@odd@mp=\dimen141
\Gm@even@mp=\dimen142
\Gm@layoutwidth=\dimen143
\Gm@layoutheight=\dimen144
\Gm@layouthoffset=\dimen145
\Gm@layoutvoffset=\dimen146
\Gm@dimlist=\toks16
)
(c:/texlive/2020/texmf-dist/tex/latex/fontspec/fontspec.sty
(c:/texlive/2020/texmf-dist/tex/latex/l3packages/xparse/xparse.sty
(c:/texlive/2020/texmf-dist/tex/latex/l3kernel/expl3.sty
Package: expl3 2020-10-27 L3 programming layer (loader) 

(c:/texlive/2020/texmf-dist/tex/latex/l3backend/l3backend-xetex.def
File: l3backend-xetex.def 2020-09-24 L3 backend support: XeTeX
\g__graphics_track_int=\count183
\l__pdf_internal_box=\box47
\g__pdf_backend_object_int=\count184
\g__pdf_backend_annotation_int=\count185
))
Package: xparse 2020-10-27 L3 Experimental document command parser

(c:/texlive/2020/texmf-dist/tex/latex/l3packages/xparse/xparse-generic.tex))
Package: fontspec 2020/02/21 v2.7i Font selection for XeLaTeX and LuaLaTeX

(c:/texlive/2020/texmf-dist/tex/latex/fontspec/fontspec-xetex.sty
Package: fontspec-xetex 2020/02/21 v2.7i Font selection for XeLaTeX and LuaLaTe
X
\l__fontspec_script_int=\count186
\l__fontspec_language_int=\count187
\l__fontspec_strnum_int=\count188
\l__fontspec_tmp_int=\count189
\l__fontspec_tmpa_int=\count190
\l__fontspec_tmpb_int=\count191
\l__fontspec_tmpc_int=\count192
\l__fontspec_em_int=\count193
\l__fontspec_emdef_int=\count194
\l__fontspec_strong_int=\count195
\l__fontspec_strongdef_int=\count196
\l__fontspec_tmpa_dim=\dimen147
\l__fontspec_tmpb_dim=\dimen148
\l__fontspec_tmpc_dim=\dimen149

(c:/texlive/2020/texmf-dist/tex/latex/base/fontenc.sty
Package: fontenc 2020/08/10 v2.0s Standard LaTeX package
)
(c:/texlive/2020/texmf-dist/tex/latex/fontspec/fontspec.cfg)))
(c:/texlive/2020/texmf-dist/tex/latex/graphics/graphicx.sty
Package: graphicx 2020/09/09 v1.2b Enhanced LaTeX Graphics (DPC,SPQR)

(c:/texlive/2020/texmf-dist/tex/latex/graphics/graphics.sty
Package: graphics 2020/08/30 v1.4c Standard LaTeX Graphics (DPC,SPQR)

(c:/texlive/2020/texmf-dist/tex/latex/graphics/trig.sty
Package: trig 2016/01/03 v1.10 sin cos tan (DPC)
)
(c:/texlive/2020/texmf-dist/tex/latex/graphics-cfg/graphics.cfg
File: graphics.cfg 2016/06/04 v1.11 sample graphics configuration
)
Package graphics Info: Driver file: xetex.def on input line 105.

(c:/texlive/2020/texmf-dist/tex/latex/graphics-def/xetex.def
File: xetex.def 2020/08/26 v5.0i Graphics/color driver for xetex
))
\Gin@req@height=\dimen150
\Gin@req@width=\dimen151
)
(c:/texlive/2020/texmf-dist/tex/generic/babel/babel.sty
Package: babel 2020/10/27 3.51 The Babel package

(c:/texlive/2020/texmf-dist/tex/generic/babel/babel.def
File: babel.def 2020/10/27 3.51 Babel common definitions
\babel@savecnt=\count197
\U@D=\dimen152
\l@babelnohyphens=\language86

(c:/texlive/2020/texmf-dist/tex/generic/babel/xebabel.def
(c:/texlive/2020/texmf-dist/tex/generic/babel/txtbabel.def))
\bbl@readstream=\read2
)
\bbl@dirlevel=\count198

(c:/texlive/2020/texmf-dist/tex/generic/babel-english/english.ldf
Language: english 2017/06/06 v3.3r English support from the babel system
Package babel Info: \l@canadian = using hyphenrules for english
(babel)             (\language0) on input line 102.
Package babel Info: \l@australian = using hyphenrules for ukenglish
(babel)             (\language21) on input line 105.
Package babel Info: \l@newzealand = using hyphenrules for ukenglish
(babel)             (\language21) on input line 108.
))

Package fontspec Info: Could not resolve font "Lohit Devanagari/BI" (it
(fontspec)             probably doesn't exist).


Package fontspec Info: Could not resolve font "Lohit Devanagari/B" (it
(fontspec)             probably doesn't exist).


Package fontspec Info: Could not resolve font "Lohit Devanagari/I" (it
(fontspec)             probably doesn't exist).


Package fontspec Info: Font family 'LohitDevanagari(0)' created for font
(fontspec)             'Lohit Devanagari' with options [Script=Devanagari].
(fontspec)              
(fontspec)              This font family consists of the following NFSS
(fontspec)             series/shapes:
(fontspec)              
(fontspec)             - 'normal' (m/n) with NFSS spec.: <->"Lohit
(fontspec)             Devanagari/OT:script=deva;language=dflt;"
(fontspec)             - 'small caps'  (m/sc) with NFSS spec.: 


(c:/texlive/2020/texmf-dist/tex/latex/tocloft/tocloft.sty
Package: tocloft 2017/08/31 v2.3i parameterised ToC, etc., typesetting
Package tocloft Info: The document has chapter divisions on input line 51.
\cftparskip=\skip49
\cftbeforetoctitleskip=\skip50
\cftaftertoctitleskip=\skip51
\cftbeforepartskip=\skip52
\cftpartnumwidth=\skip53
\cftpartindent=\skip54
\cftbeforechapskip=\skip55
\cftchapindent=\skip56
\cftchapnumwidth=\skip57
\cftbeforesecskip=\skip58
\cftsecindent=\skip59
\cftsecnumwidth=\skip60
\cftbeforesubsecskip=\skip61
\cftsubsecindent=\skip62
\cftsubsecnumwidth=\skip63
\cftbeforesubsubsecskip=\skip64
\cftsubsubsecindent=\skip65
\cftsubsubsecnumwidth=\skip66
\cftbeforeparaskip=\skip67
\cftparaindent=\skip68
\cftparanumwidth=\skip69
\cftbeforesubparaskip=\skip70
\cftsubparaindent=\skip71
\cftsubparanumwidth=\skip72
\cftbeforeloftitleskip=\skip73
\cftafterloftitleskip=\skip74
\cftbeforefigskip=\skip75
\cftfigindent=\skip76
\cftfignumwidth=\skip77
\c@lofdepth=\count199
\c@lotdepth=\count266
\cftbeforelottitleskip=\skip78
\cftafterlottitleskip=\skip79
\cftbeforetabskip=\skip80
\cfttabindent=\skip81
\cfttabnumwidth=\skip82
)
(c:/texlive/2020/texmf-dist/tex/latex/hyperref/hyperref.sty
Package: hyperref 2020-05-15 v7.00e Hypertext links for LaTeX

(c:/texlive/2020/texmf-dist/tex/generic/ltxcmds/ltxcmds.sty
Package: ltxcmds 2020-05-10 v1.25 LaTeX kernel commands for general use (HO)
)
(c:/texlive/2020/texmf-dist/tex/generic/pdftexcmds/pdftexcmds.sty
Package: pdftexcmds 2020-06-27 v0.33 Utility functions of pdfTeX for LuaTeX (HO
)

(c:/texlive/2020/texmf-dist/tex/generic/infwarerr/infwarerr.sty
Package: infwarerr 2019/12/03 v1.5 Providing info/warning/error messages (HO)
)
Package pdftexcmds Info: \pdf@primitive is available.
Package pdftexcmds Info: \pdf@ifprimitive is available.
Package pdftexcmds Info: \pdfdraftmode not found.
)
(c:/texlive/2020/texmf-dist/tex/generic/kvsetkeys/kvsetkeys.sty
Package: kvsetkeys 2019/12/15 v1.18 Key value parser (HO)
)
(c:/texlive/2020/texmf-dist/tex/generic/kvdefinekeys/kvdefinekeys.sty
Package: kvdefinekeys 2019-12-19 v1.6 Define keys (HO)
)
(c:/texlive/2020/texmf-dist/tex/generic/pdfescape/pdfescape.sty
Package: pdfescape 2019/12/09 v1.15 Implements pdfTeX's escape features (HO)
)
(c:/texlive/2020/texmf-dist/tex/latex/hycolor/hycolor.sty
Package: hycolor 2020-01-27 v1.10 Color options for hyperref/bookmark (HO)
)
(c:/texlive/2020/texmf-dist/tex/latex/letltxmacro/letltxmacro.sty
Package: letltxmacro 2019/12/03 v1.6 Let assignment for LaTeX macros (HO)
)
(c:/texlive/2020/texmf-dist/tex/latex/auxhook/auxhook.sty
Package: auxhook 2019-12-17 v1.6 Hooks for auxiliary files (HO)
)
(c:/texlive/2020/texmf-dist/tex/latex/kvoptions/kvoptions.sty
Package: kvoptions 2020-10-07 v3.14 Key value format for package options (HO)
)
\@linkdim=\dimen153
\Hy@linkcounter=\count267
\Hy@pagecounter=\count268

(c:/texlive/2020/texmf-dist/tex/latex/hyperref/pd1enc.def
File: pd1enc.def 2020-05-15 v7.00e Hyperref: PDFDocEncoding definition (HO)
)
(c:/texlive/2020/texmf-dist/tex/generic/intcalc/intcalc.sty
Package: intcalc 2019/12/15 v1.3 Expandable calculations with integers (HO)
)
(c:/texlive/2020/texmf-dist/tex/generic/etexcmds/etexcmds.sty
Package: etexcmds 2019/12/15 v1.7 Avoid name clashes with e-TeX commands (HO)
)
\Hy@SavedSpaceFactor=\count269
Package hyperref Info: Hyper figures OFF on input line 4464.
Package hyperref Info: Link nesting OFF on input line 4469.
Package hyperref Info: Hyper index ON on input line 4472.
Package hyperref Info: Plain pages OFF on input line 4479.
Package hyperref Info: Backreferencing OFF on input line 4484.
Package hyperref Info: Implicit mode ON; LaTeX internals redefined.
Package hyperref Info: Bookmarks ON on input line 4717.
\c@Hy@tempcnt=\count270

(c:/texlive/2020/texmf-dist/tex/latex/url/url.sty
\Urlmuskip=\muskip16
Package: url 2013/09/16  ver 3.4  Verb mode for urls, etc.
)
LaTeX Info: Redefining \url on input line 5076.
\XeTeXLinkMargin=\dimen154

(c:/texlive/2020/texmf-dist/tex/generic/bitset/bitset.sty
Package: bitset 2019/12/09 v1.3 Handle bit-vector datatype (HO)

(c:/texlive/2020/texmf-dist/tex/generic/bigintcalc/bigintcalc.sty
Package: bigintcalc 2019/12/15 v1.5 Expandable calculations on big integers (HO
)
))
\Fld@menulength=\count271
\Field@Width=\dimen155
\Fld@charsize=\dimen156
Package hyperref Info: Hyper figures OFF on input line 6347.
Package hyperref Info: Link nesting OFF on input line 6352.
Package hyperref Info: Hyper index ON on input line 6355.
Package hyperref Info: backreferencing OFF on input line 6362.
Package hyperref Info: Link coloring OFF on input line 6367.
Package hyperref Info: Link coloring with OCG OFF on input line 6372.
Package hyperref Info: PDF/A mode OFF on input line 6377.
LaTeX Info: Redefining \ref on input line 6417.
LaTeX Info: Redefining \pageref on input line 6421.

(c:/texlive/2020/texmf-dist/tex/latex/base/atbegshi-ltx.sty
Package: atbegshi-ltx 2020/08/17 v1.0a Emulation of the original atbegshi packa
ge
with kernel methods
)
\Hy@abspage=\count272
\c@Item=\count273
\c@Hfootnote=\count274
)
Package hyperref Info: Driver (autodetected): hxetex.

(c:/texlive/2020/texmf-dist/tex/latex/hyperref/hxetex.def
File: hxetex.def 2020-05-15 v7.00e Hyperref driver for XeTeX

(c:/texlive/2020/texmf-dist/tex/latex/hyperref/puenc.def
File: puenc.def 2020-05-15 v7.00e Hyperref: PDF Unicode definition (HO)
)
(c:/texlive/2020/texmf-dist/tex/generic/stringenc/stringenc.sty
Package: stringenc 2019/11/29 v1.12 Convert strings between diff. encodings (HO
)
)
\pdfm@box=\box48
\c@Hy@AnnotLevel=\count275
\HyField@AnnotCount=\count276
\Fld@listcount=\count277
\c@bookmark@seq@number=\count278

(c:/texlive/2020/texmf-dist/tex/latex/rerunfilecheck/rerunfilecheck.sty
Package: rerunfilecheck 2019/12/05 v1.9 Rerun checks for auxiliary files (HO)

(c:/texlive/2020/texmf-dist/tex/latex/base/atveryend-ltx.sty
Package: atveryend-ltx 2020/08/19 v1.0a Emulation of the original atvery packag
e
with kernel methods
)
(c:/texlive/2020/texmf-dist/tex/generic/uniquecounter/uniquecounter.sty
Package: uniquecounter 2019/12/15 v1.4 Provide unlimited unique counter (HO)
)
Package uniquecounter Info: New unique counter `rerunfilecheck' on input line 2
86.
)
\Hy@SectionHShift=\skip83
)
(c:/texlive/2020/texmf-dist/tex/latex/fancyhdr/fancyhdr.sty
Package: fancyhdr 2019/01/31 v3.10 Extensive control of page headers and footer
s
\f@nch@headwidth=\skip84
\f@nch@O@elh=\skip85
\f@nch@O@erh=\skip86
\f@nch@O@olh=\skip87
\f@nch@O@orh=\skip88
\f@nch@O@elf=\skip89
\f@nch@O@erf=\skip90
\f@nch@O@olf=\skip91
\f@nch@O@orf=\skip92
)
(c:/texlive/2020/texmf-dist/tex/latex/eso-pic/eso-pic.sty
Package: eso-pic 2020/10/14 v3.0a eso-pic (RN)
\ESO@tempdima=\dimen157
\ESO@tempdimb=\dimen158

(c:/texlive/2020/texmf-dist/tex/latex/xcolor/xcolor.sty
Package: xcolor 2016/05/11 v2.12 LaTeX color extensions (UK)

(c:/texlive/2020/texmf-dist/tex/latex/graphics-cfg/color.cfg
File: color.cfg 2016/01/02 v1.6 sample color configuration
)
Package xcolor Info: Driver file: xetex.def on input line 225.
Package xcolor Info: Model `cmy' substituted by `cmy0' on input line 1348.
Package xcolor Info: Model `RGB' extended on input line 1364.
Package xcolor Info: Model `HTML' substituted by `rgb' on input line 1366.
Package xcolor Info: Model `Hsb' substituted by `hsb' on input line 1367.
Package xcolor Info: Model `tHsb' substituted by `hsb' on input line 1368.
Package xcolor Info: Model `HSB' substituted by `hsb' on input line 1369.
Package xcolor Info: Model `Gray' substituted by `gray' on input line 1370.
Package xcolor Info: Model `wave' substituted by `hsb' on input line 1371.
))
(./gitocharan.aux (./introduction.aux) (./chapter1.aux) (./chapter2.aux)
(./chapter3.aux) (./chapter4.aux) (./chapter5.aux) (./chapter6.aux)
(./chapter7.aux) (./chapter8.aux) (./chapter9.aux) (./chapter10.aux)
(./chapter11.aux) (./chapter12.aux) (./chapter13.aux) (./chapter14.aux)
(./chapter15.aux) (./chapter16.aux) (./chapter17.aux) (./chapter18.aux))
\openout1 = `gitocharan.aux'.

LaTeX Font Info:    Checking defaults for OML/cmm/m/it on input line 27.
LaTeX Font Info:    ... okay on input line 27.
LaTeX Font Info:    Checking defaults for OMS/cmsy/m/n on input line 27.
LaTeX Font Info:    ... okay on input line 27.
LaTeX Font Info:    Checking defaults for OT1/cmr/m/n on input line 27.
LaTeX Font Info:    ... okay on input line 27.
LaTeX Font Info:    Checking defaults for T1/cmr/m/n on input line 27.
LaTeX Font Info:    ... okay on input line 27.
LaTeX Font Info:    Checking defaults for TS1/cmr/m/n on input line 27.
LaTeX Font Info:    Trying to load font information for TS1+cmr on input line 2
7.

(c:/texlive/2020/texmf-dist/tex/latex/base/ts1cmr.fd
File: ts1cmr.fd 2019/12/16 v2.5j Standard LaTeX font definitions
)
LaTeX Font Info:    ... okay on input line 27.
LaTeX Font Info:    Checking defaults for TU/lmr/m/n on input line 27.
LaTeX Font Info:    ... okay on input line 27.
LaTeX Font Info:    Checking defaults for OMX/cmex/m/n on input line 27.
LaTeX Font Info:    ... okay on input line 27.
LaTeX Font Info:    Checking defaults for U/cmr/m/n on input line 27.
LaTeX Font Info:    ... okay on input line 27.
LaTeX Font Info:    Checking defaults for PD1/pdf/m/n on input line 27.
LaTeX Font Info:    ... okay on input line 27.
LaTeX Font Info:    Checking defaults for PU/pdf/m/n on input line 27.
LaTeX Font Info:    ... okay on input line 27.

*geometry* driver: auto-detecting
*geometry* detected driver: xetex
*geometry* verbose mode - [ preamble ] result:
* driver: xetex
* paper: <default>
* layout: <same size as paper>
* layoutoffset:(h,v)=(0.0pt,0.0pt)
* modes: twoside 
* h-part:(L,W,R)=(72.26999pt, 469.75502pt, 72.26999pt)
* v-part:(T,H,B)=(72.26999pt, 650.43001pt, 72.26999pt)
* \paperwidth=614.295pt
* \paperheight=794.96999pt
* \textwidth=469.75502pt
* \textheight=650.43001pt
* \oddsidemargin=0.0pt
* \evensidemargin=0.0pt
* \topmargin=-31.8738pt
* \headheight=12.0pt
* \headsep=19.8738pt
* \topskip=12.0pt
* \footskip=30.0pt
* \marginparwidth=98.0pt
* \marginparsep=7.0pt
* \columnsep=10.0pt
* \skip\footins=10.8pt plus 4.0pt minus 2.0pt
* \hoffset=0.0pt
* \voffset=0.0pt
* \mag=1000
* \@twocolumnfalse
* \@twosidetrue
* \@mparswitchtrue
* \@reversemarginfalse
* (1in=72.27pt=25.4mm, 1cm=28.453pt)


Package fontspec Info: Adjusting the maths setup (use [no-math] to avoid
(fontspec)             this).

\symlegacymaths=\mathgroup4
LaTeX Font Info:    Overwriting symbol font `legacymaths' in version `bold'
(Font)                  OT1/cmr/m/n --> OT1/cmr/bx/n on input line 27.
LaTeX Font Info:    Redeclaring math accent \acute on input line 27.
LaTeX Font Info:    Redeclaring math accent \grave on input line 27.
LaTeX Font Info:    Redeclaring math accent \ddot on input line 27.
LaTeX Font Info:    Redeclaring math accent \tilde on input line 27.
LaTeX Font Info:    Redeclaring math accent \bar on input line 27.
LaTeX Font Info:    Redeclaring math accent \breve on input line 27.
LaTeX Font Info:    Redeclaring math accent \check on input line 27.
LaTeX Font Info:    Redeclaring math accent \hat on input line 27.
LaTeX Font Info:    Redeclaring math accent \dot on input line 27.
LaTeX Font Info:    Redeclaring math accent \mathring on input line 27.
LaTeX Font Info:    Redeclaring math symbol \colon on input line 27.
LaTeX Font Info:    Redeclaring math symbol \Gamma on input line 27.
LaTeX Font Info:    Redeclaring math symbol \Delta on input line 27.
LaTeX Font Info:    Redeclaring math symbol \Theta on input line 27.
LaTeX Font Info:    Redeclaring math symbol \Lambda on input line 27.
LaTeX Font Info:    Redeclaring math symbol \Xi on input line 27.
LaTeX Font Info:    Redeclaring math symbol \Pi on input line 27.
LaTeX Font Info:    Redeclaring math symbol \Sigma on input line 27.
LaTeX Font Info:    Redeclaring math symbol \Upsilon on input line 27.
LaTeX Font Info:    Redeclaring math symbol \Phi on input line 27.
LaTeX Font Info:    Redeclaring math symbol \Psi on input line 27.
LaTeX Font Info:    Redeclaring math symbol \Omega on input line 27.
LaTeX Font Info:    Redeclaring math symbol \mathdollar on input line 27.
LaTeX Font Info:    Redeclaring symbol font `operators' on input line 27.
LaTeX Font Info:    Encoding `OT1' has changed to `TU' for symbol font
(Font)              `operators' in the math version `normal' on input line 27.
LaTeX Font Info:    Overwriting symbol font `operators' in version `normal'
(Font)                  OT1/cmr/m/n --> TU/lmr/m/n on input line 27.
LaTeX Font Info:    Encoding `OT1' has changed to `TU' for symbol font
(Font)              `operators' in the math version `bold' on input line 27.
LaTeX Font Info:    Overwriting symbol font `operators' in version `bold'
(Font)                  OT1/cmr/bx/n --> TU/lmr/m/n on input line 27.
LaTeX Font Info:    Overwriting symbol font `operators' in version `normal'
(Font)                  TU/lmr/m/n --> TU/lmr/m/n on input line 27.
LaTeX Font Info:    Overwriting math alphabet `\mathit' in version `normal'
(Font)                  OT1/cmr/m/it --> TU/lmr/m/it on input line 27.
LaTeX Font Info:    Overwriting math alphabet `\mathbf' in version `normal'
(Font)                  OT1/cmr/bx/n --> TU/lmr/b/n on input line 27.
LaTeX Font Info:    Overwriting math alphabet `\mathsf' in version `normal'
(Font)                  OT1/cmss/m/n --> TU/lmss/m/n on input line 27.
LaTeX Font Info:    Overwriting math alphabet `\mathtt' in version `normal'
(Font)                  OT1/cmtt/m/n --> TU/lmtt/m/n on input line 27.
LaTeX Font Info:    Overwriting symbol font `operators' in version `bold'
(Font)                  TU/lmr/m/n --> TU/lmr/b/n on input line 27.
LaTeX Font Info:    Overwriting math alphabet `\mathit' in version `bold'
(Font)                  OT1/cmr/bx/it --> TU/lmr/b/it on input line 27.
LaTeX Font Info:    Overwriting math alphabet `\mathsf' in version `bold'
(Font)                  OT1/cmss/bx/n --> TU/lmss/b/n on input line 27.
LaTeX Font Info:    Overwriting math alphabet `\mathtt' in version `bold'
(Font)                  OT1/cmtt/m/n --> TU/lmtt/b/n on input line 27.
Package hyperref Info: Link coloring OFF on input line 27.
(c:/texlive/2020/texmf-dist/tex/latex/hyperref/nameref.sty
Package: nameref 2019/09/16 v2.46 Cross-referencing by name of section

(c:/texlive/2020/texmf-dist/tex/latex/refcount/refcount.sty
Package: refcount 2019/12/15 v3.6 Data extraction from label references (HO)
)
(c:/texlive/2020/texmf-dist/tex/generic/gettitlestring/gettitlestring.sty
Package: gettitlestring 2019/12/15 v1.6 Cleanup title references (HO)
)
\c@section@level=\count279
)
LaTeX Info: Redefining \ref on input line 27.
LaTeX Info: Redefining \pageref on input line 27.
LaTeX Info: Redefining \nameref on input line 27.

(./gitocharan.out) (./gitocharan.out)
\@outlinefile=\write3
\openout3 = `gitocharan.out'.

\openout2 = `introduction.aux'.

 (./introduction.tex
Invalid UTF-8 byte or sequence at line 7 replaced by U+FFFD.
Invalid UTF-8 byte or sequence at line 7 replaced by U+FFFD.
Invalid UTF-8 byte or sequence at line 7 replaced by U+FFFD.
Invalid UTF-8 byte or sequence at line 7 replaced by U+FFFD.
Invalid UTF-8 byte or sequence at line 7 replaced by U+FFFD.
Invalid UTF-8 byte or sequence at line 7 replaced by U+FFFD.
Invalid UTF-8 byte or sequence at line 7 replaced by U+FFFD.
Invalid UTF-8 byte or sequence at line 7 replaced by U+FFFD.
File: eps5black.eps Graphic file (type eps)
<eps5black.eps>
LaTeX Font Info:    External font `cmex10' loaded for size
(Font)              <14.4> on input line 7.
LaTeX Font Info:    External font `cmex10' loaded for size
(Font)              <7> on input line 7.

(c:/texlive/2020/texmf-dist/tex/generic/stringenc/se-ascii-print.def
File: se-ascii-print.def 2019/11/29 v1.12 stringenc: Printable ASCII characters

)
File: ISBN.png Graphic file (type bmp)
<ISBN.png>
 [1



]
File: CoverImage.jpg Graphic file (type bmp)
<CoverImage.jpg>


Package Fancyhdr Warning: \headheight is too small (12.0pt): 
Make it at least 16.05707pt.
We now make it that large for the rest of the document.
This may cause the page layout to be inconsistent, however.

[2]
Invalid UTF-8 byte or sequence at line 19 replaced by U+FFFD.
Invalid UTF-8 byte or sequence at line 19 replaced by U+FFFD.
Invalid UTF-8 byte or sequence at line 19 replaced by U+FFFD.
Invalid UTF-8 byte or sequence at line 19 replaced by U+FFFD.
Invalid UTF-8 byte or sequence at line 19 replaced by U+FFFD.
Invalid UTF-8 byte or sequence at line 19 replaced by U+FFFD.
Invalid UTF-8 byte or sequence at line 19 replaced by U+FFFD.
Invalid UTF-8 byte or sequence at line 19 replaced by U+FFFD.
Invalid UTF-8 byte or sequence at line 19 replaced by U+FFFD.
Invalid UTF-8 byte or sequence at line 19 replaced by U+FFFD.
File: eps2.eps Graphic file (type eps)
<eps2.eps>
 [3

] [4

]

LaTeX Font Warning: Font shape `TU/LohitDevanagari(0)/bx/n' undefined
(Font)              using `TU/LohitDevanagari(0)/m/n' instead on input line 21.


)
Invalid UTF-8 byte or sequence at line 28 replaced by U+FFFD.
Invalid UTF-8 byte or sequence at line 28 replaced by U+FFFD.
Invalid UTF-8 byte or sequence at line 28 replaced by U+FFFD.
Invalid UTF-8 byte or sequence at line 28 replaced by U+FFFD.
Invalid UTF-8 byte or sequence at line 28 replaced by U+FFFD.
Invalid UTF-8 byte or sequence at line 28 replaced by U+FFFD.
Invalid UTF-8 byte or sequence at line 28 replaced by U+FFFD.
Invalid UTF-8 byte or sequence at line 28 replaced by U+FFFD.
Invalid UTF-8 byte or sequence at line 28 replaced by U+FFFD.
Invalid UTF-8 byte or sequence at line 28 replaced by U+FFFD.
File: eps4.eps Graphic file (type eps)
<eps4.eps>
 [5] (./gitocharan.toc

LaTeX Font Warning: Font shape `TU/LohitDevanagari(0)/b/n' undefined
(Font)              using `TU/LohitDevanagari(0)/bx/n' instead on input line 2.



LaTeX Font Warning: Font shape `TU/LohitDevanagari(0)/b/n' undefined
(Font)              using `TU/LohitDevanagari(0)/bx/n' instead on input line 2.


LaTeX Font Info:    External font `cmex10' loaded for size
(Font)              <12> on input line 2.
LaTeX Font Info:    External font `cmex10' loaded for size
(Font)              <8> on input line 2.
LaTeX Font Info:    External font `cmex10' loaded for size
(Font)              <6> on input line 2.

LaTeX Font Warning: Font shape `TU/LohitDevanagari(0)/b/n' undefined
(Font)              using `TU/LohitDevanagari(0)/bx/n' instead on input line 2.



LaTeX Font Warning: Font shape `TU/LohitDevanagari(0)/b/n' undefined
(Font)              using `TU/LohitDevanagari(0)/bx/n' instead on input line 9.



LaTeX Font Warning: Font shape `TU/LohitDevanagari(0)/b/n' undefined
(Font)              using `TU/LohitDevanagari(0)/bx/n' instead on input line 9.



LaTeX Font Warning: Font shape `TU/LohitDevanagari(0)/b/n' undefined
(Font)              using `TU/LohitDevanagari(0)/bx/n' instead on input line 9.



LaTeX Font Warning: Font shape `TU/LohitDevanagari(0)/b/n' undefined
(Font)              using `TU/LohitDevanagari(0)/bx/n' instead on input line 17
.


LaTeX Font Warning: Font shape `TU/LohitDevanagari(0)/b/n' undefined
(Font)              using `TU/LohitDevanagari(0)/bx/n' instead on input line 17
.


LaTeX Font Warning: Font shape `TU/LohitDevanagari(0)/b/n' undefined
(Font)              using `TU/LohitDevanagari(0)/bx/n' instead on input line 17
.


LaTeX Font Warning: Font shape `TU/LohitDevanagari(0)/b/n' undefined
(Font)              using `TU/LohitDevanagari(0)/bx/n' instead on input line 22
.


LaTeX Font Warning: Font shape `TU/LohitDevanagari(0)/b/n' undefined
(Font)              using `TU/LohitDevanagari(0)/bx/n' instead on input line 22
.


LaTeX Font Warning: Font shape `TU/LohitDevanagari(0)/b/n' undefined
(Font)              using `TU/LohitDevanagari(0)/bx/n' instead on input line 22
.


LaTeX Font Warning: Font shape `TU/LohitDevanagari(0)/b/n' undefined
(Font)              using `TU/LohitDevanagari(0)/bx/n' instead on input line 26
.


LaTeX Font Warning: Font shape `TU/LohitDevanagari(0)/b/n' undefined
(Font)              using `TU/LohitDevanagari(0)/bx/n' instead on input line 26
.


LaTeX Font Warning: Font shape `TU/LohitDevanagari(0)/b/n' undefined
(Font)              using `TU/LohitDevanagari(0)/bx/n' instead on input line 26
.


LaTeX Font Warning: Font shape `TU/LohitDevanagari(0)/b/n' undefined
(Font)              using `TU/LohitDevanagari(0)/bx/n' instead on input line 29
.


LaTeX Font Warning: Font shape `TU/LohitDevanagari(0)/b/n' undefined
(Font)              using `TU/LohitDevanagari(0)/bx/n' instead on input line 29
.


LaTeX Font Warning: Font shape `TU/LohitDevanagari(0)/b/n' undefined
(Font)              using `TU/LohitDevanagari(0)/bx/n' instead on input line 29
.


LaTeX Font Warning: Font shape `TU/LohitDevanagari(0)/b/n' undefined
(Font)              using `TU/LohitDevanagari(0)/bx/n' instead on input line 35
.


LaTeX Font Warning: Font shape `TU/LohitDevanagari(0)/b/n' undefined
(Font)              using `TU/LohitDevanagari(0)/bx/n' instead on input line 35
.


LaTeX Font Warning: Font shape `TU/LohitDevanagari(0)/b/n' undefined
(Font)              using `TU/LohitDevanagari(0)/bx/n' instead on input line 35
.


LaTeX Font Warning: Font shape `TU/LohitDevanagari(0)/b/n' undefined
(Font)              using `TU/LohitDevanagari(0)/bx/n' instead on input line 37
.


LaTeX Font Warning: Font shape `TU/LohitDevanagari(0)/b/n' undefined
(Font)              using `TU/LohitDevanagari(0)/bx/n' instead on input line 37
.


LaTeX Font Warning: Font shape `TU/LohitDevanagari(0)/b/n' undefined
(Font)              using `TU/LohitDevanagari(0)/bx/n' instead on input line 37
.


LaTeX Font Warning: Font shape `TU/LohitDevanagari(0)/b/n' undefined
(Font)              using `TU/LohitDevanagari(0)/bx/n' instead on input line 40
.


LaTeX Font Warning: Font shape `TU/LohitDevanagari(0)/b/n' undefined
(Font)              using `TU/LohitDevanagari(0)/bx/n' instead on input line 40
.


LaTeX Font Warning: Font shape `TU/LohitDevanagari(0)/b/n' undefined
(Font)              using `TU/LohitDevanagari(0)/bx/n' instead on input line 40
.


LaTeX Font Warning: Font shape `TU/LohitDevanagari(0)/b/n' undefined
(Font)              using `TU/LohitDevanagari(0)/bx/n' instead on input line 42
.


LaTeX Font Warning: Font shape `TU/LohitDevanagari(0)/b/n' undefined
(Font)              using `TU/LohitDevanagari(0)/bx/n' instead on input line 42
.


LaTeX Font Warning: Font shape `TU/LohitDevanagari(0)/b/n' undefined
(Font)              using `TU/LohitDevanagari(0)/bx/n' instead on input line 42
.


LaTeX Font Warning: Font shape `TU/LohitDevanagari(0)/b/n' undefined
(Font)              using `TU/LohitDevanagari(0)/bx/n' instead on input line 46
.


LaTeX Font Warning: Font shape `TU/LohitDevanagari(0)/b/n' undefined
(Font)              using `TU/LohitDevanagari(0)/bx/n' instead on input line 46
.


LaTeX Font Warning: Font shape `TU/LohitDevanagari(0)/b/n' undefined
(Font)              using `TU/LohitDevanagari(0)/bx/n' instead on input line 46
.


LaTeX Font Warning: Font shape `TU/LohitDevanagari(0)/b/n' undefined
(Font)              using `TU/LohitDevanagari(0)/bx/n' instead on input line 56
.


LaTeX Font Warning: Font shape `TU/LohitDevanagari(0)/b/n' undefined
(Font)              using `TU/LohitDevanagari(0)/bx/n' instead on input line 56
.


LaTeX Font Warning: Font shape `TU/LohitDevanagari(0)/b/n' undefined
(Font)              using `TU/LohitDevanagari(0)/bx/n' instead on input line 56
.


LaTeX Font Warning: Font shape `TU/LohitDevanagari(0)/b/n' undefined
(Font)              using `TU/LohitDevanagari(0)/bx/n' instead on input line 61
.


LaTeX Font Warning: Font shape `TU/LohitDevanagari(0)/b/n' undefined
(Font)              using `TU/LohitDevanagari(0)/bx/n' instead on input line 61
.


LaTeX Font Warning: Font shape `TU/LohitDevanagari(0)/b/n' undefined
(Font)              using `TU/LohitDevanagari(0)/bx/n' instead on input line 61
.


LaTeX Font Warning: Font shape `TU/LohitDevanagari(0)/b/n' undefined
(Font)              using `TU/LohitDevanagari(0)/bx/n' instead on input line 64
.


LaTeX Font Warning: Font shape `TU/LohitDevanagari(0)/b/n' undefined
(Font)              using `TU/LohitDevanagari(0)/bx/n' instead on input line 64
.


LaTeX Font Warning: Font shape `TU/LohitDevanagari(0)/b/n' undefined
(Font)              using `TU/LohitDevanagari(0)/bx/n' instead on input line 64
.


LaTeX Font Warning: Font shape `TU/LohitDevanagari(0)/b/n' undefined
(Font)              using `TU/LohitDevanagari(0)/bx/n' instead on input line 68
.


LaTeX Font Warning: Font shape `TU/LohitDevanagari(0)/b/n' undefined
(Font)              using `TU/LohitDevanagari(0)/bx/n' instead on input line 68
.


LaTeX Font Warning: Font shape `TU/LohitDevanagari(0)/b/n' undefined
(Font)              using `TU/LohitDevanagari(0)/bx/n' instead on input line 68
.


LaTeX Font Warning: Font shape `TU/LohitDevanagari(0)/b/n' undefined
(Font)              using `TU/LohitDevanagari(0)/bx/n' instead on input line 70
.


LaTeX Font Warning: Font shape `TU/LohitDevanagari(0)/b/n' undefined
(Font)              using `TU/LohitDevanagari(0)/bx/n' instead on input line 70
.


LaTeX Font Warning: Font shape `TU/LohitDevanagari(0)/b/n' undefined
(Font)              using `TU/LohitDevanagari(0)/bx/n' instead on input line 70
.


LaTeX Font Warning: Font shape `TU/LohitDevanagari(0)/b/n' undefined
(Font)              using `TU/LohitDevanagari(0)/bx/n' instead on input line 72
.


LaTeX Font Warning: Font shape `TU/LohitDevanagari(0)/b/n' undefined
(Font)              using `TU/LohitDevanagari(0)/bx/n' instead on input line 72
.


LaTeX Font Warning: Font shape `TU/LohitDevanagari(0)/b/n' undefined
(Font)              using `TU/LohitDevanagari(0)/bx/n' instead on input line 72
.


LaTeX Font Warning: Font shape `TU/LohitDevanagari(0)/b/n' undefined
(Font)              using `TU/LohitDevanagari(0)/bx/n' instead on input line 75
.


LaTeX Font Warning: Font shape `TU/LohitDevanagari(0)/b/n' undefined
(Font)              using `TU/LohitDevanagari(0)/bx/n' instead on input line 75
.


LaTeX Font Warning: Font shape `TU/LohitDevanagari(0)/b/n' undefined
(Font)              using `TU/LohitDevanagari(0)/bx/n' instead on input line 75
.

)
\tf@toc=\write4
\openout4 = `gitocharan.toc'.

 [6


]
\openout2 = `chapter1.aux'.

 (./chapter1.tex
Chapter 1.

Package hyperref Warning: Token not allowed in a PDF string (Unicode):
(hyperref)                removing `\sanskrit' on input line 1.


Overfull \hbox (45.48906pt too wide) in paragraph at lines 18--19
[] 
 []


Overfull \hbox (45.48906pt too wide) in paragraph at lines 35--36
[] 
 []


Overfull \hbox (45.48906pt too wide) in paragraph at lines 52--53
[] 
 []


Overfull \hbox (45.48906pt too wide) in paragraph at lines 69--70
[] 
 []

[7


]
Overfull \hbox (45.48906pt too wide) in paragraph at lines 87--88
[] 
 []


Overfull \hbox (45.48906pt too wide) in paragraph at lines 104--105
[] 
 []


Overfull \hbox (45.48906pt too wide) in paragraph at lines 121--122
[] 
 []


Overfull \hbox (45.48906pt too wide) in paragraph at lines 138--139
[] 
 []


Overfull \hbox (45.48906pt too wide) in paragraph at lines 155--156
[] 
 []


Overfull \hbox (45.48906pt too wide) in paragraph at lines 172--173
[] 
 []


Overfull \hbox (45.48906pt too wide) in paragraph at lines 188--189
[] 
 []


LaTeX Font Warning: Font shape `TU/LohitDevanagari(0)/m/sl' undefined
(Font)              using `TU/LohitDevanagari(0)/m/n' instead on input line 203
.

[8]
Overfull \hbox (45.48906pt too wide) in paragraph at lines 205--206
[] 
 []


Overfull \hbox (45.48906pt too wide) in paragraph at lines 222--223
[] 
 []


Overfull \hbox (45.48906pt too wide) in paragraph at lines 239--240
[] 
 []


Overfull \hbox (45.48906pt too wide) in paragraph at lines 256--257
[] 
 []


Overfull \hbox (45.48906pt too wide) in paragraph at lines 274--275
[] 
 []


Overfull \hbox (45.48906pt too wide) in paragraph at lines 290--291
[] 
 []


Overfull \hbox (45.48906pt too wide) in paragraph at lines 307--308
[] 
 []

[9]
Overfull \hbox (45.48906pt too wide) in paragraph at lines 324--325
[] 
 []


Overfull \hbox (45.48906pt too wide) in paragraph at lines 345--346
[] 
 []


Overfull \hbox (45.48906pt too wide) in paragraph at lines 369--370
[] 
 []


Overfull \hbox (45.48906pt too wide) in paragraph at lines 386--387
[] 
 []


Overfull \hbox (45.48906pt too wide) in paragraph at lines 405--406
[] 
 []

[10]
Overfull \hbox (45.48906pt too wide) in paragraph at lines 422--423
[] 
 []


Overfull \hbox (45.48906pt too wide) in paragraph at lines 443--444
[] 
 []


Overfull \hbox (45.48906pt too wide) in paragraph at lines 461--462
[] 
 []


Overfull \hbox (45.48906pt too wide) in paragraph at lines 484--485
[] 
 []


Overfull \hbox (45.48906pt too wide) in paragraph at lines 501--502
[] 
 []

[11]
Overfull \hbox (45.48906pt too wide) in paragraph at lines 518--519
[] 
 []


Overfull \hbox (45.48906pt too wide) in paragraph at lines 535--536
[] 
 []


Overfull \hbox (45.48906pt too wide) in paragraph at lines 552--553
[] 
 []


Overfull \hbox (45.48906pt too wide) in paragraph at lines 569--570
[] 
 []


Overfull \hbox (45.48906pt too wide) in paragraph at lines 586--587
[] 
 []


Overfull \hbox (45.48906pt too wide) in paragraph at lines 605--606
[] 
 []


Overfull \hbox (45.48906pt too wide) in paragraph at lines 624--625
[] 
 []

[12]
Overfull \hbox (45.48906pt too wide) in paragraph at lines 641--642
[] 
 []


Overfull \hbox (45.48906pt too wide) in paragraph at lines 659--660
[] 
 []


Overfull \hbox (45.48906pt too wide) in paragraph at lines 678--679
[] 
 []


Overfull \hbox (45.48906pt too wide) in paragraph at lines 697--698
[] 
 []


Overfull \hbox (45.48906pt too wide) in paragraph at lines 716--717
[] 
 []


Overfull \hbox (45.48906pt too wide) in paragraph at lines 735--736
[] 
 []

[13]
Overfull \hbox (45.48906pt too wide) in paragraph at lines 754--755
[] 
 []


Overfull \hbox (45.48906pt too wide) in paragraph at lines 772--773
[] 
 []


Overfull \hbox (45.48906pt too wide) in paragraph at lines 791--792
[] 
 []


Overfull \hbox (45.48906pt too wide) in paragraph at lines 812--813
[] 
 []

) [14]
\openout2 = `chapter2.aux'.

 (./chapter2.tex
Chapter 2.

Package hyperref Warning: Token not allowed in a PDF string (Unicode):
(hyperref)                removing `\sanskrit' on input line 1.


Overfull \hbox (45.48906pt too wide) in paragraph at lines 18--19
[] 
 []


Overfull \hbox (45.48906pt too wide) in paragraph at lines 36--37
[] 
 []


Overfull \hbox (45.48906pt too wide) in paragraph at lines 53--54
[] 
 []


Overfull \hbox (45.48906pt too wide) in paragraph at lines 71--72
[] 
 []

[15




]
Overfull \hbox (45.48906pt too wide) in paragraph at lines 89--90
[] 
 []


Overfull \hbox (45.48906pt too wide) in paragraph at lines 110--111
[] 
 []


Overfull \hbox (45.48906pt too wide) in paragraph at lines 131--132
[] 
 []


Overfull \hbox (45.48906pt too wide) in paragraph at lines 154--155
[] 
 []


Overfull \hbox (45.48906pt too wide) in paragraph at lines 172--173
[] 
 []


Overfull \hbox (45.48906pt too wide) in paragraph at lines 189--190
[] 
 []

[16]
Overfull \hbox (45.48906pt too wide) in paragraph at lines 207--208
[] 
 []


Overfull \hbox (45.48906pt too wide) in paragraph at lines 224--225
[] 
 []


Overfull \hbox (45.48906pt too wide) in paragraph at lines 240--241
[] 
 []


Overfull \hbox (45.48906pt too wide) in paragraph at lines 257--258
[] 
 []


Overfull \hbox (45.48906pt too wide) in paragraph at lines 274--275
[] 
 []


Overfull \hbox (45.48906pt too wide) in paragraph at lines 291--292
[] 
 []


Overfull \hbox (45.48906pt too wide) in paragraph at lines 308--309
[] 
 []

[17]
Overfull \hbox (45.48906pt too wide) in paragraph at lines 325--326
[] 
 []


Overfull \hbox (45.48906pt too wide) in paragraph at lines 341--342
[] 
 []


Overfull \hbox (45.48906pt too wide) in paragraph at lines 360--361
[] 
 []


Overfull \hbox (45.48906pt too wide) in paragraph at lines 377--378
[] 
 []


Overfull \hbox (45.48906pt too wide) in paragraph at lines 396--397
[] 
 []


Overfull \hbox (45.48906pt too wide) in paragraph at lines 413--414
[] 
 []


Overfull \hbox (45.48906pt too wide) in paragraph at lines 430--431
[] 
 []

[18]
Overfull \hbox (45.48906pt too wide) in paragraph at lines 447--448
[] 
 []


Overfull \hbox (45.48906pt too wide) in paragraph at lines 464--465
[] 
 []


Overfull \hbox (45.48906pt too wide) in paragraph at lines 481--482
[] 
 []


Overfull \hbox (45.48906pt too wide) in paragraph at lines 498--499
[] 
 []


Overfull \hbox (45.48906pt too wide) in paragraph at lines 516--517
[] 
 []


Overfull \hbox (45.48906pt too wide) in paragraph at lines 533--534
[] 
 []

[19]
Overfull \hbox (45.48906pt too wide) in paragraph at lines 550--551
[] 
 []


Overfull \hbox (45.48906pt too wide) in paragraph at lines 567--568
[] 
 []


Overfull \hbox (45.48906pt too wide) in paragraph at lines 584--585
[] 
 []


Overfull \hbox (45.48906pt too wide) in paragraph at lines 601--602
[] 
 []


Overfull \hbox (45.48906pt too wide) in paragraph at lines 618--619
[] 
 []


Overfull \hbox (45.48906pt too wide) in paragraph at lines 635--636
[] 
 []


Overfull \hbox (45.48906pt too wide) in paragraph at lines 652--653
[] 
 []

[20]
Overfull \hbox (45.48906pt too wide) in paragraph at lines 669--670
[] 
 []


Overfull \hbox (45.48906pt too wide) in paragraph at lines 686--687
[] 
 []


Overfull \hbox (45.48906pt too wide) in paragraph at lines 702--703
[] 
 []


Overfull \hbox (45.48906pt too wide) in paragraph at lines 719--720
[] 
 []


Overfull \hbox (45.48906pt too wide) in paragraph at lines 736--737
[] 
 []


Overfull \hbox (45.48906pt too wide) in paragraph at lines 753--754
[] 
 []

[21]
Overfull \hbox (45.48906pt too wide) in paragraph at lines 770--771
[] 
 []


Overfull \hbox (45.48906pt too wide) in paragraph at lines 786--787
[] 
 []


Overfull \hbox (45.48906pt too wide) in paragraph at lines 803--804
[] 
 []


Overfull \hbox (45.48906pt too wide) in paragraph at lines 820--821
[] 
 []


Overfull \hbox (45.48906pt too wide) in paragraph at lines 837--838
[] 
 []


Overfull \hbox (45.48906pt too wide) in paragraph at lines 854--855
[] 
 []


Overfull \hbox (45.48906pt too wide) in paragraph at lines 871--872
[] 
 []

[22]
Overfull \hbox (45.48906pt too wide) in paragraph at lines 888--889
[] 
 []


Overfull \hbox (45.48906pt too wide) in paragraph at lines 905--906
[] 
 []


Overfull \hbox (45.48906pt too wide) in paragraph at lines 921--922
[] 
 []


Overfull \hbox (45.48906pt too wide) in paragraph at lines 940--941
[] 
 []


Overfull \hbox (45.48906pt too wide) in paragraph at lines 959--960
[] 
 []

[23]
Overfull \hbox (45.48906pt too wide) in paragraph at lines 976--977
[] 
 []


Overfull \hbox (45.48906pt too wide) in paragraph at lines 992--993
[] 
 []


Overfull \hbox (45.48906pt too wide) in paragraph at lines 1008--1009
[] 
 []


Overfull \hbox (45.48906pt too wide) in paragraph at lines 1025--1026
[] 
 []


Overfull \hbox (45.48906pt too wide) in paragraph at lines 1042--1043
[] 
 []


Overfull \hbox (45.48906pt too wide) in paragraph at lines 1059--1060
[] 
 []


Overfull \hbox (45.48906pt too wide) in paragraph at lines 1076--1077
[] 
 []

[24]
Overfull \hbox (45.48906pt too wide) in paragraph at lines 1093--1094
[] 
 []


Overfull \hbox (45.48906pt too wide) in paragraph at lines 1109--1110
[] 
 []


Overfull \hbox (45.48906pt too wide) in paragraph at lines 1126--1127
[] 
 []


Overfull \hbox (45.48906pt too wide) in paragraph at lines 1143--1144
[] 
 []


Overfull \hbox (45.48906pt too wide) in paragraph at lines 1160--1161
[] 
 []


Overfull \hbox (45.48906pt too wide) in paragraph at lines 1177--1178
[] 
 []


Overfull \hbox (45.48906pt too wide) in paragraph at lines 1194--1195
[] 
 []

[25]
Overfull \hbox (45.48906pt too wide) in paragraph at lines 1214--1215
[] 
 []


Overfull \hbox (45.48906pt too wide) in paragraph at lines 1231--1232
[] 
 []


Overfull \hbox (45.48906pt too wide) in paragraph at lines 1248--1249
[] 
 []

) [26]
\openout2 = `chapter3.aux'.

 (./chapter3.tex
Chapter 3.

Package hyperref Warning: Token not allowed in a PDF string (Unicode):
(hyperref)                removing `\sanskrit' on input line 1.


Overfull \hbox (45.48906pt too wide) in paragraph at lines 19--20
[] 
 []


Overfull \hbox (45.48906pt too wide) in paragraph at lines 36--37
[] 
 []


Overfull \hbox (45.48906pt too wide) in paragraph at lines 57--58
[] 
 []


Overfull \hbox (45.48906pt too wide) in paragraph at lines 74--75
[] 
 []


Overfull \hbox (45.48906pt too wide) in paragraph at lines 90--91
[] 
 []

[27




]
Overfull \hbox (45.48906pt too wide) in paragraph at lines 107--108
[] 
 []


Overfull \hbox (45.48906pt too wide) in paragraph at lines 124--125
[] 
 []


Overfull \hbox (45.48906pt too wide) in paragraph at lines 141--142
[] 
 []


Overfull \hbox (45.48906pt too wide) in paragraph at lines 158--159
[] 
 []


Overfull \hbox (45.48906pt too wide) in paragraph at lines 175--176
[] 
 []


Overfull \hbox (45.48906pt too wide) in paragraph at lines 191--192
[] 
 []

[28]
Overfull \hbox (45.48906pt too wide) in paragraph at lines 208--209
[] 
 []


Overfull \hbox (45.48906pt too wide) in paragraph at lines 225--226
[] 
 []


Overfull \hbox (45.48906pt too wide) in paragraph at lines 242--243
[] 
 []


Overfull \hbox (45.48906pt too wide) in paragraph at lines 259--260
[] 
 []


Overfull \hbox (45.48906pt too wide) in paragraph at lines 276--277
[] 
 []


Overfull \hbox (45.48906pt too wide) in paragraph at lines 292--293
[] 
 []


Overfull \hbox (45.48906pt too wide) in paragraph at lines 309--310
[] 
 []

[29]
Overfull \hbox (45.48906pt too wide) in paragraph at lines 326--327
[] 
 []


Overfull \hbox (45.48906pt too wide) in paragraph at lines 343--344
[] 
 []


Overfull \hbox (45.48906pt too wide) in paragraph at lines 360--361
[] 
 []


Overfull \hbox (45.48906pt too wide) in paragraph at lines 377--378
[] 
 []


Overfull \hbox (45.48906pt too wide) in paragraph at lines 393--394
[] 
 []


Overfull \hbox (45.48906pt too wide) in paragraph at lines 410--411
[] 
 []

[30]
Overfull \hbox (45.48906pt too wide) in paragraph at lines 427--428
[] 
 []


Overfull \hbox (45.48906pt too wide) in paragraph at lines 444--445
[] 
 []


Overfull \hbox (45.48906pt too wide) in paragraph at lines 461--462
[] 
 []


Overfull \hbox (45.48906pt too wide) in paragraph at lines 478--479
[] 
 []


Overfull \hbox (45.48906pt too wide) in paragraph at lines 494--495
[] 
 []


Overfull \hbox (45.48906pt too wide) in paragraph at lines 511--512
[] 
 []


Overfull \hbox (45.48906pt too wide) in paragraph at lines 528--529
[] 
 []

[31]
Overfull \hbox (45.48906pt too wide) in paragraph at lines 545--546
[] 
 []


Overfull \hbox (45.48906pt too wide) in paragraph at lines 562--563
[] 
 []


Overfull \hbox (45.48906pt too wide) in paragraph at lines 579--580
[] 
 []


Overfull \hbox (45.48906pt too wide) in paragraph at lines 595--596
[] 
 []


Overfull \hbox (45.48906pt too wide) in paragraph at lines 615--616
[] 
 []

[32]
Overfull \hbox (45.48906pt too wide) in paragraph at lines 635--636
[] 
 []


Overfull \hbox (45.48906pt too wide) in paragraph at lines 652--653
[] 
 []


Overfull \hbox (45.48906pt too wide) in paragraph at lines 669--670
[] 
 []


Overfull \hbox (45.48906pt too wide) in paragraph at lines 687--688
[] 
 []


Overfull \hbox (45.48906pt too wide) in paragraph at lines 704--705
[] 
 []


Overfull \hbox (45.48906pt too wide) in paragraph at lines 721--722
[] 
 []


Overfull \hbox (45.48906pt too wide) in paragraph at lines 738--739
[] 
 []

[33]) [34]
\openout2 = `chapter4.aux'.

 (./chapter4.tex
Chapter 4.

Package hyperref Warning: Token not allowed in a PDF string (Unicode):
(hyperref)                removing `\sanskrit' on input line 1.


Overfull \hbox (45.48906pt too wide) in paragraph at lines 19--20
[] 
 []


Overfull \hbox (45.48906pt too wide) in paragraph at lines 36--37
[] 
 []


Overfull \hbox (45.48906pt too wide) in paragraph at lines 53--54
[] 
 []


Overfull \hbox (45.48906pt too wide) in paragraph at lines 72--73
[] 
 []

[35




]
Overfull \hbox (45.48906pt too wide) in paragraph at lines 92--93
[] 
 []


Overfull \hbox (45.48906pt too wide) in paragraph at lines 109--110
[] 
 []


Overfull \hbox (45.48906pt too wide) in paragraph at lines 126--127
[] 
 []


Overfull \hbox (45.48906pt too wide) in paragraph at lines 143--144
[] 
 []


Overfull \hbox (45.48906pt too wide) in paragraph at lines 160--161
[] 
 []


Overfull \hbox (45.48906pt too wide) in paragraph at lines 177--178
[] 
 []


Overfull \hbox (45.48906pt too wide) in paragraph at lines 194--195
[] 
 []

[36]
Overfull \hbox (45.48906pt too wide) in paragraph at lines 211--212
[] 
 []


Overfull \hbox (45.48906pt too wide) in paragraph at lines 228--229
[] 
 []


Overfull \hbox (45.48906pt too wide) in paragraph at lines 245--246
[] 
 []


Overfull \hbox (45.48906pt too wide) in paragraph at lines 262--263
[] 
 []


Overfull \hbox (45.48906pt too wide) in paragraph at lines 278--279
[] 
 []


Overfull \hbox (45.48906pt too wide) in paragraph at lines 295--296
[] 
 []


Overfull \hbox (45.48906pt too wide) in paragraph at lines 312--313
[] 
 []

[37]
Overfull \hbox (45.48906pt too wide) in paragraph at lines 329--330
[] 
 []


Overfull \hbox (45.48906pt too wide) in paragraph at lines 346--347
[] 
 []


Overfull \hbox (45.48906pt too wide) in paragraph at lines 363--364
[] 
 []


Overfull \hbox (45.48906pt too wide) in paragraph at lines 379--380
[] 
 []


Overfull \hbox (45.48906pt too wide) in paragraph at lines 396--397
[] 
 []


Overfull \hbox (45.48906pt too wide) in paragraph at lines 413--414
[] 
 []

[38]
Overfull \hbox (45.48906pt too wide) in paragraph at lines 430--431
[] 
 []


Overfull \hbox (45.48906pt too wide) in paragraph at lines 447--448
[] 
 []


Overfull \hbox (45.48906pt too wide) in paragraph at lines 464--465
[] 
 []


Overfull \hbox (45.48906pt too wide) in paragraph at lines 480--481
[] 
 []


Overfull \hbox (45.48906pt too wide) in paragraph at lines 497--498
[] 
 []


Overfull \hbox (45.48906pt too wide) in paragraph at lines 514--515
[] 
 []


Overfull \hbox (45.48906pt too wide) in paragraph at lines 531--532
[] 
 []

[39]
Overfull \hbox (45.48906pt too wide) in paragraph at lines 548--549
[] 
 []


Overfull \hbox (45.48906pt too wide) in paragraph at lines 565--566
[] 
 []


Overfull \hbox (45.48906pt too wide) in paragraph at lines 581--582
[] 
 []


Overfull \hbox (45.48906pt too wide) in paragraph at lines 598--599
[] 
 []


Overfull \hbox (45.48906pt too wide) in paragraph at lines 615--616
[] 
 []


Overfull \hbox (45.48906pt too wide) in paragraph at lines 632--633
[] 
 []

[40]
Overfull \hbox (45.48906pt too wide) in paragraph at lines 649--650
[] 
 []


Overfull \hbox (45.48906pt too wide) in paragraph at lines 666--667
[] 
 []


Overfull \hbox (45.48906pt too wide) in paragraph at lines 682--683
[] 
 []


Overfull \hbox (45.48906pt too wide) in paragraph at lines 699--700
[] 
 []


Overfull \hbox (45.48906pt too wide) in paragraph at lines 716--717
[] 
 []

) [41]
\openout2 = `chapter5.aux'.

 (./chapter5.tex [42




]
Chapter 5.

Package hyperref Warning: Token not allowed in a PDF string (Unicode):
(hyperref)                removing `\sanskrit' on input line 1.


Overfull \hbox (45.48906pt too wide) in paragraph at lines 17--18
[] 
 []


Overfull \hbox (45.48906pt too wide) in paragraph at lines 35--36
[] 
 []


Overfull \hbox (45.48906pt too wide) in paragraph at lines 52--53
[] 
 []


Overfull \hbox (45.48906pt too wide) in paragraph at lines 69--70
[] 
 []


Overfull \hbox (45.48906pt too wide) in paragraph at lines 86--87
[] 
 []

[43]
Overfull \hbox (45.48906pt too wide) in paragraph at lines 103--104
[] 
 []


Overfull \hbox (45.48906pt too wide) in paragraph at lines 120--121
[] 
 []


Overfull \hbox (45.48906pt too wide) in paragraph at lines 137--138
[] 
 []


Overfull \hbox (45.48906pt too wide) in paragraph at lines 154--155
[] 
 []


Overfull \hbox (45.48906pt too wide) in paragraph at lines 171--172
[] 
 []


Overfull \hbox (45.48906pt too wide) in paragraph at lines 187--188
[] 
 []

[44]
Overfull \hbox (45.48906pt too wide) in paragraph at lines 204--205
[] 
 []


Overfull \hbox (45.48906pt too wide) in paragraph at lines 221--222
[] 
 []


Overfull \hbox (45.48906pt too wide) in paragraph at lines 238--239
[] 
 []


Overfull \hbox (45.48906pt too wide) in paragraph at lines 255--256
[] 
 []


Overfull \hbox (45.48906pt too wide) in paragraph at lines 272--273
[] 
 []


Overfull \hbox (45.48906pt too wide) in paragraph at lines 288--289
[] 
 []


Overfull \hbox (45.48906pt too wide) in paragraph at lines 305--306
[] 
 []

[45]
Overfull \hbox (45.48906pt too wide) in paragraph at lines 322--323
[] 
 []


Overfull \hbox (45.48906pt too wide) in paragraph at lines 339--340
[] 
 []


Overfull \hbox (45.48906pt too wide) in paragraph at lines 356--357
[] 
 []


Overfull \hbox (45.48906pt too wide) in paragraph at lines 373--374
[] 
 []


Overfull \hbox (45.48906pt too wide) in paragraph at lines 389--390
[] 
 []


Overfull \hbox (45.48906pt too wide) in paragraph at lines 406--407
[] 
 []

[46]
Overfull \hbox (45.48906pt too wide) in paragraph at lines 423--424
[] 
 []


Overfull \hbox (45.48906pt too wide) in paragraph at lines 440--441
[] 
 []


Overfull \hbox (45.48906pt too wide) in paragraph at lines 457--458
[] 
 []


Overfull \hbox (45.48906pt too wide) in paragraph at lines 474--475
[] 
 []


Overfull \hbox (45.48906pt too wide) in paragraph at lines 490--491
[] 
 []

) [47]
\openout2 = `chapter6.aux'.

 (./chapter6.tex [48




]
Chapter 6.

Package hyperref Warning: Token not allowed in a PDF string (Unicode):
(hyperref)                removing `\sanskrit' on input line 1.


Overfull \hbox (45.48906pt too wide) in paragraph at lines 18--19
[] 
 []


Overfull \hbox (45.48906pt too wide) in paragraph at lines 35--36
[] 
 []


Overfull \hbox (45.48906pt too wide) in paragraph at lines 52--53
[] 
 []


Overfull \hbox (45.48906pt too wide) in paragraph at lines 69--70
[] 
 []


Overfull \hbox (45.48906pt too wide) in paragraph at lines 86--87
[] 
 []

[49]
Overfull \hbox (45.48906pt too wide) in paragraph at lines 102--103
[] 
 []


Overfull \hbox (45.48906pt too wide) in paragraph at lines 119--120
[] 
 []


Overfull \hbox (45.48906pt too wide) in paragraph at lines 136--137
[] 
 []


Overfull \hbox (45.48906pt too wide) in paragraph at lines 153--154
[] 
 []


Overfull \hbox (45.48906pt too wide) in paragraph at lines 170--171
[] 
 []


Overfull \hbox (45.48906pt too wide) in paragraph at lines 187--188
[] 
 []


Overfull \hbox (45.48906pt too wide) in paragraph at lines 203--204
[] 
 []

[50]
Overfull \hbox (45.48906pt too wide) in paragraph at lines 220--221
[] 
 []


Overfull \hbox (45.48906pt too wide) in paragraph at lines 237--238
[] 
 []


Overfull \hbox (45.48906pt too wide) in paragraph at lines 254--255
[] 
 []


Overfull \hbox (45.48906pt too wide) in paragraph at lines 271--272
[] 
 []


Overfull \hbox (45.48906pt too wide) in paragraph at lines 288--289
[] 
 []


Overfull \hbox (45.48906pt too wide) in paragraph at lines 304--305
[] 
 []

[51]
Overfull \hbox (45.48906pt too wide) in paragraph at lines 321--322
[] 
 []


Overfull \hbox (45.48906pt too wide) in paragraph at lines 338--339
[] 
 []


Overfull \hbox (45.48906pt too wide) in paragraph at lines 355--356
[] 
 []


Overfull \hbox (45.48906pt too wide) in paragraph at lines 372--373
[] 
 []


Overfull \hbox (45.48906pt too wide) in paragraph at lines 389--390
[] 
 []


Overfull \hbox (45.48906pt too wide) in paragraph at lines 405--406
[] 
 []


Overfull \hbox (45.48906pt too wide) in paragraph at lines 422--423
[] 
 []

[52]
Overfull \hbox (45.48906pt too wide) in paragraph at lines 439--440
[] 
 []


Overfull \hbox (45.48906pt too wide) in paragraph at lines 456--457
[] 
 []


Overfull \hbox (45.48906pt too wide) in paragraph at lines 473--474
[] 
 []


Overfull \hbox (45.48906pt too wide) in paragraph at lines 490--491
[] 
 []


Overfull \hbox (45.48906pt too wide) in paragraph at lines 506--507
[] 
 []


Overfull \hbox (45.48906pt too wide) in paragraph at lines 523--524
[] 
 []

[53]
Overfull \hbox (45.48906pt too wide) in paragraph at lines 540--541
[] 
 []


Overfull \hbox (45.48906pt too wide) in paragraph at lines 560--561
[] 
 []


Overfull \hbox (45.48906pt too wide) in paragraph at lines 577--578
[] 
 []


Overfull \hbox (45.48906pt too wide) in paragraph at lines 598--599
[] 
 []


Overfull \hbox (45.48906pt too wide) in paragraph at lines 615--616
[] 
 []

[54]
Overfull \hbox (45.48906pt too wide) in paragraph at lines 635--636
[] 
 []


Overfull \hbox (45.48906pt too wide) in paragraph at lines 652--653
[] 
 []


Overfull \hbox (45.48906pt too wide) in paragraph at lines 669--670
[] 
 []


Overfull \hbox (45.48906pt too wide) in paragraph at lines 688--689
[] 
 []


Overfull \hbox (45.48906pt too wide) in paragraph at lines 705--706
[] 
 []


Overfull \hbox (45.48906pt too wide) in paragraph at lines 722--723
[] 
 []


Overfull \hbox (45.48906pt too wide) in paragraph at lines 739--740
[] 
 []

[55]
Overfull \hbox (45.48906pt too wide) in paragraph at lines 756--757
[] 
 []


Overfull \hbox (45.48906pt too wide) in paragraph at lines 772--773
[] 
 []


Overfull \hbox (45.48906pt too wide) in paragraph at lines 789--790
[] 
 []


Overfull \hbox (45.48906pt too wide) in paragraph at lines 806--807
[] 
 []

) [56]
\openout2 = `chapter7.aux'.

 (./chapter7.tex
Chapter 7.

Package hyperref Warning: Token not allowed in a PDF string (Unicode):
(hyperref)                removing `\sanskrit' on input line 1.


Overfull \hbox (45.48906pt too wide) in paragraph at lines 15--16
[] 
 []


Overfull \hbox (45.48906pt too wide) in paragraph at lines 30--31
[] 
 []


Overfull \hbox (45.48906pt too wide) in paragraph at lines 45--46
[] 
 []


Overfull \hbox (45.48906pt too wide) in paragraph at lines 60--61
[] 
 []


Overfull \hbox (45.48906pt too wide) in paragraph at lines 75--76
[] 
 []

[57




]
Overfull \hbox (45.48906pt too wide) in paragraph at lines 91--92
[] 
 []


Overfull \hbox (45.48906pt too wide) in paragraph at lines 106--107
[] 
 []


Overfull \hbox (45.48906pt too wide) in paragraph at lines 121--122
[] 
 []


Overfull \hbox (45.48906pt too wide) in paragraph at lines 136--137
[] 
 []


Overfull \hbox (45.48906pt too wide) in paragraph at lines 151--152
[] 
 []


Overfull \hbox (45.48906pt too wide) in paragraph at lines 166--167
[] 
 []


Overfull \hbox (45.48906pt too wide) in paragraph at lines 181--182
[] 
 []

[58]
Overfull \hbox (45.48906pt too wide) in paragraph at lines 196--197
[] 
 []


Overfull \hbox (45.48906pt too wide) in paragraph at lines 211--212
[] 
 []


Overfull \hbox (45.48906pt too wide) in paragraph at lines 226--227
[] 
 []


Overfull \hbox (45.48906pt too wide) in paragraph at lines 241--242
[] 
 []


Overfull \hbox (45.48906pt too wide) in paragraph at lines 256--257
[] 
 []


Overfull \hbox (45.48906pt too wide) in paragraph at lines 271--272
[] 
 []

[59]
Overfull \hbox (45.48906pt too wide) in paragraph at lines 286--287
[] 
 []


Overfull \hbox (45.48906pt too wide) in paragraph at lines 301--302
[] 
 []


Overfull \hbox (45.48906pt too wide) in paragraph at lines 316--317
[] 
 []


Overfull \hbox (45.48906pt too wide) in paragraph at lines 331--332
[] 
 []


Overfull \hbox (45.48906pt too wide) in paragraph at lines 346--347
[] 
 []


Overfull \hbox (45.48906pt too wide) in paragraph at lines 361--362
[] 
 []


Overfull \hbox (45.48906pt too wide) in paragraph at lines 376--377
[] 
 []

[60]
Overfull \hbox (45.48906pt too wide) in paragraph at lines 391--392
[] 
 []


Overfull \hbox (45.48906pt too wide) in paragraph at lines 406--407
[] 
 []


Overfull \hbox (45.48906pt too wide) in paragraph at lines 421--422
[] 
 []


Overfull \hbox (45.48906pt too wide) in paragraph at lines 436--437
[] 
 []


Overfull \hbox (45.48906pt too wide) in paragraph at lines 451--452
[] 
 []

) [61]
\openout2 = `chapter8.aux'.

 (./chapter8.tex [62




]
Chapter 8.

Package hyperref Warning: Token not allowed in a PDF string (Unicode):
(hyperref)                removing `\sanskrit' on input line 1.


Overfull \hbox (45.48906pt too wide) in paragraph at lines 15--16
[] 
 []


Overfull \hbox (45.48906pt too wide) in paragraph at lines 32--33
[] 
 []


Overfull \hbox (45.48906pt too wide) in paragraph at lines 51--52
[] 
 []


Overfull \hbox (45.48906pt too wide) in paragraph at lines 68--69
[] 
 []


Overfull \hbox (45.48906pt too wide) in paragraph at lines 84--85
[] 
 []

[63]
Overfull \hbox (45.48906pt too wide) in paragraph at lines 101--102
[] 
 []


Overfull \hbox (45.48906pt too wide) in paragraph at lines 118--119
[] 
 []


Overfull \hbox (45.48906pt too wide) in paragraph at lines 135--136
[] 
 []


Overfull \hbox (45.48906pt too wide) in paragraph at lines 154--155
[] 
 []


Overfull \hbox (45.48906pt too wide) in paragraph at lines 176--177
[] 
 []


Overfull \hbox (45.48906pt too wide) in paragraph at lines 195--196
[] 
 []

[64]
Overfull \hbox (45.48906pt too wide) in paragraph at lines 212--213
[] 
 []


Overfull \hbox (45.48906pt too wide) in paragraph at lines 229--230
[] 
 []


Overfull \hbox (45.48906pt too wide) in paragraph at lines 246--247
[] 
 []


Overfull \hbox (45.48906pt too wide) in paragraph at lines 264--265
[] 
 []


Overfull \hbox (45.48906pt too wide) in paragraph at lines 281--282
[] 
 []


Overfull \hbox (45.48906pt too wide) in paragraph at lines 298--299
[] 
 []


Overfull \hbox (45.48906pt too wide) in paragraph at lines 315--316
[] 
 []

[65]
Overfull \hbox (45.48906pt too wide) in paragraph at lines 332--333
[] 
 []


Overfull \hbox (45.48906pt too wide) in paragraph at lines 349--350
[] 
 []


Overfull \hbox (45.48906pt too wide) in paragraph at lines 365--366
[] 
 []


Overfull \hbox (45.48906pt too wide) in paragraph at lines 382--383
[] 
 []


Overfull \hbox (45.48906pt too wide) in paragraph at lines 399--400
[] 
 []


Overfull \hbox (45.48906pt too wide) in paragraph at lines 416--417
[] 
 []

[66]
Overfull \hbox (45.48906pt too wide) in paragraph at lines 433--434
[] 
 []


Overfull \hbox (45.48906pt too wide) in paragraph at lines 450--451
[] 
 []


Overfull \hbox (45.48906pt too wide) in paragraph at lines 466--467
[] 
 []


Overfull \hbox (45.48906pt too wide) in paragraph at lines 485--486
[] 
 []

) [67]
\openout2 = `chapter9.aux'.

 (./chapter9.tex [68




]
Chapter 9.

Package hyperref Warning: Token not allowed in a PDF string (Unicode):
(hyperref)                removing `\sanskrit' on input line 1.


Overfull \hbox (45.48906pt too wide) in paragraph at lines 16--17
[] 
 []


Overfull \hbox (45.48906pt too wide) in paragraph at lines 33--34
[] 
 []


Overfull \hbox (45.48906pt too wide) in paragraph at lines 50--51
[] 
 []


Overfull \hbox (45.48906pt too wide) in paragraph at lines 67--68
[] 
 []


Overfull \hbox (45.48906pt too wide) in paragraph at lines 84--85
[] 
 []

[69]
Overfull \hbox (45.48906pt too wide) in paragraph at lines 100--101
[] 
 []


Overfull \hbox (45.48906pt too wide) in paragraph at lines 117--118
[] 
 []


Overfull \hbox (45.48906pt too wide) in paragraph at lines 134--135
[] 
 []


Overfull \hbox (45.48906pt too wide) in paragraph at lines 151--152
[] 
 []


Overfull \hbox (45.48906pt too wide) in paragraph at lines 168--169
[] 
 []


Overfull \hbox (45.48906pt too wide) in paragraph at lines 185--186
[] 
 []


Overfull \hbox (45.48906pt too wide) in paragraph at lines 201--202
[] 
 []

[70]
Overfull \hbox (45.48906pt too wide) in paragraph at lines 218--219
[] 
 []


Overfull \hbox (45.48906pt too wide) in paragraph at lines 235--236
[] 
 []


Overfull \hbox (45.48906pt too wide) in paragraph at lines 252--253
[] 
 []


Overfull \hbox (45.48906pt too wide) in paragraph at lines 269--270
[] 
 []


Overfull \hbox (45.48906pt too wide) in paragraph at lines 286--287
[] 
 []


Overfull \hbox (45.48906pt too wide) in paragraph at lines 302--303
[] 
 []

[71]
Overfull \hbox (45.48906pt too wide) in paragraph at lines 319--320
[] 
 []


Overfull \hbox (45.48906pt too wide) in paragraph at lines 340--341
[] 
 []


Overfull \hbox (45.48906pt too wide) in paragraph at lines 359--360
[] 
 []


Overfull \hbox (45.48906pt too wide) in paragraph at lines 376--377
[] 
 []


Overfull \hbox (45.48906pt too wide) in paragraph at lines 394--395
[] 
 []


Overfull \hbox (45.48906pt too wide) in paragraph at lines 411--412
[] 
 []

[72]
Overfull \hbox (45.48906pt too wide) in paragraph at lines 428--429
[] 
 []


Overfull \hbox (45.48906pt too wide) in paragraph at lines 445--446
[] 
 []


Overfull \hbox (45.48906pt too wide) in paragraph at lines 462--463
[] 
 []


Overfull \hbox (45.48906pt too wide) in paragraph at lines 479--480
[] 
 []


Overfull \hbox (45.48906pt too wide) in paragraph at lines 495--496
[] 
 []


Overfull \hbox (45.48906pt too wide) in paragraph at lines 512--513
[] 
 []


Overfull \hbox (45.48906pt too wide) in paragraph at lines 529--530
[] 
 []

[73]
Overfull \hbox (45.48906pt too wide) in paragraph at lines 546--547
[] 
 []


Overfull \hbox (45.48906pt too wide) in paragraph at lines 563--564
[] 
 []


Overfull \hbox (45.48906pt too wide) in paragraph at lines 580--581
[] 
 []

) [74]
\openout2 = `chapter10.aux'.

 (./chapter10.tex
Chapter 10.

Package hyperref Warning: Token not allowed in a PDF string (Unicode):
(hyperref)                removing `\sanskrit' on input line 1.


Overfull \hbox (45.48906pt too wide) in paragraph at lines 17--18
[] 
 []


Overfull \hbox (45.48906pt too wide) in paragraph at lines 34--35
[] 
 []


Overfull \hbox (45.48906pt too wide) in paragraph at lines 51--52
[] 
 []


Overfull \hbox (45.48906pt too wide) in paragraph at lines 68--69
[] 
 []


Overfull \hbox (45.48906pt too wide) in paragraph at lines 85--86
[] 
 []

[75




]
Overfull \hbox (45.48906pt too wide) in paragraph at lines 102--103
[] 
 []


Overfull \hbox (45.48906pt too wide) in paragraph at lines 119--120
[] 
 []


Overfull \hbox (45.48906pt too wide) in paragraph at lines 136--137
[] 
 []


Overfull \hbox (45.48906pt too wide) in paragraph at lines 153--154
[] 
 []


Overfull \hbox (45.48906pt too wide) in paragraph at lines 170--171
[] 
 []


Overfull \hbox (45.48906pt too wide) in paragraph at lines 187--188
[] 
 []

[76]
Overfull \hbox (45.48906pt too wide) in paragraph at lines 205--206
[] 
 []


Overfull \hbox (45.48906pt too wide) in paragraph at lines 222--223
[] 
 []


Overfull \hbox (45.48906pt too wide) in paragraph at lines 239--240
[] 
 []


Overfull \hbox (45.48906pt too wide) in paragraph at lines 256--257
[] 
 []


Overfull \hbox (45.48906pt too wide) in paragraph at lines 273--274
[] 
 []


Overfull \hbox (45.48906pt too wide) in paragraph at lines 289--290
[] 
 []


Overfull \hbox (45.48906pt too wide) in paragraph at lines 306--307
[] 
 []

[77]
Overfull \hbox (45.48906pt too wide) in paragraph at lines 325--326
[] 
 []


Overfull \hbox (45.48906pt too wide) in paragraph at lines 342--343
[] 
 []


Overfull \hbox (45.48906pt too wide) in paragraph at lines 359--360
[] 
 []


Overfull \hbox (45.48906pt too wide) in paragraph at lines 377--378
[] 
 []


Overfull \hbox (45.48906pt too wide) in paragraph at lines 394--395
[] 
 []


Overfull \hbox (45.48906pt too wide) in paragraph at lines 411--412
[] 
 []


Overfull \hbox (45.48906pt too wide) in paragraph at lines 428--429
[] 
 []

[78]
Overfull \hbox (45.48906pt too wide) in paragraph at lines 445--446
[] 
 []


Overfull \hbox (45.48906pt too wide) in paragraph at lines 462--463
[] 
 []


Overfull \hbox (45.48906pt too wide) in paragraph at lines 478--479
[] 
 []


Overfull \hbox (45.48906pt too wide) in paragraph at lines 494--495
[] 
 []


Overfull \hbox (45.48906pt too wide) in paragraph at lines 511--512
[] 
 []


Overfull \hbox (45.48906pt too wide) in paragraph at lines 528--529
[] 
 []


Overfull \hbox (45.48906pt too wide) in paragraph at lines 545--546
[] 
 []

[79]
Overfull \hbox (45.48906pt too wide) in paragraph at lines 562--563
[] 
 []


Overfull \hbox (45.48906pt too wide) in paragraph at lines 579--580
[] 
 []


Overfull \hbox (45.48906pt too wide) in paragraph at lines 596--597
[] 
 []


Overfull \hbox (45.48906pt too wide) in paragraph at lines 613--614
[] 
 []


Overfull \hbox (45.48906pt too wide) in paragraph at lines 630--631
[] 
 []


Overfull \hbox (45.48906pt too wide) in paragraph at lines 647--648
[] 
 []

[80]
Overfull \hbox (45.48906pt too wide) in paragraph at lines 664--665
[] 
 []


Overfull \hbox (45.48906pt too wide) in paragraph at lines 680--681
[] 
 []


Overfull \hbox (45.48906pt too wide) in paragraph at lines 697--698
[] 
 []


Overfull \hbox (45.48906pt too wide) in paragraph at lines 714--715
[] 
 []

) [81]
\openout2 = `chapter11.aux'.

 (./chapter11.tex [82




]
Chapter 11.

Package hyperref Warning: Token not allowed in a PDF string (Unicode):
(hyperref)                removing `\sanskrit' on input line 1.


Overfull \hbox (45.48906pt too wide) in paragraph at lines 15--16
[] 
 []


Overfull \hbox (45.48906pt too wide) in paragraph at lines 32--33
[] 
 []


Overfull \hbox (45.48906pt too wide) in paragraph at lines 49--50
[] 
 []


Overfull \hbox (45.48906pt too wide) in paragraph at lines 66--67
[] 
 []


Overfull \hbox (45.48906pt too wide) in paragraph at lines 84--85
[] 
 []

[83]
Overfull \hbox (45.48906pt too wide) in paragraph at lines 101--102
[] 
 []


Overfull \hbox (45.48906pt too wide) in paragraph at lines 118--119
[] 
 []


Overfull \hbox (45.48906pt too wide) in paragraph at lines 135--136
[] 
 []


Overfull \hbox (45.48906pt too wide) in paragraph at lines 154--155
[] 
 []


Overfull \hbox (45.48906pt too wide) in paragraph at lines 171--172
[] 
 []


Overfull \hbox (45.48906pt too wide) in paragraph at lines 187--188
[] 
 []

[84]
Overfull \hbox (45.48906pt too wide) in paragraph at lines 204--205
[] 
 []


Overfull \hbox (45.48906pt too wide) in paragraph at lines 221--222
[] 
 []


Overfull \hbox (45.48906pt too wide) in paragraph at lines 238--239
[] 
 []


Overfull \hbox (45.48906pt too wide) in paragraph at lines 261--262
[] 
 []


Overfull \hbox (45.48906pt too wide) in paragraph at lines 281--282
[] 
 []

[85]
Overfull \hbox (45.48906pt too wide) in paragraph at lines 302--303
[] 
 []


Overfull \hbox (45.48906pt too wide) in paragraph at lines 323--324
[] 
 []


Overfull \hbox (45.48906pt too wide) in paragraph at lines 344--345
[] 
 []


Overfull \hbox (45.48906pt too wide) in paragraph at lines 365--366
[] 
 []


Overfull \hbox (45.48906pt too wide) in paragraph at lines 386--387
[] 
 []

[86]
Overfull \hbox (45.48906pt too wide) in paragraph at lines 407--408
[] 
 []


Overfull \hbox (45.48906pt too wide) in paragraph at lines 428--429
[] 
 []


Overfull \hbox (45.48906pt too wide) in paragraph at lines 452--453
[] 
 []


Overfull \hbox (45.48906pt too wide) in paragraph at lines 473--474
[] 
 []


Overfull \hbox (45.48906pt too wide) in paragraph at lines 494--495
[] 
 []

[87]
Overfull \hbox (45.48906pt too wide) in paragraph at lines 515--516
[] 
 []


Overfull \hbox (45.48906pt too wide) in paragraph at lines 539--540
[] 
 []


Overfull \hbox (45.48906pt too wide) in paragraph at lines 560--561
[] 
 []


Overfull \hbox (45.48906pt too wide) in paragraph at lines 581--582
[] 
 []


Overfull \hbox (45.48906pt too wide) in paragraph at lines 602--603
[] 
 []

[88]
Overfull \hbox (45.48906pt too wide) in paragraph at lines 624--625
[] 
 []


Overfull \hbox (45.48906pt too wide) in paragraph at lines 645--646
[] 
 []


Overfull \hbox (45.48906pt too wide) in paragraph at lines 666--667
[] 
 []


Overfull \hbox (45.48906pt too wide) in paragraph at lines 690--691
[] 
 []


Overfull \hbox (45.48906pt too wide) in paragraph at lines 715--716
[] 
 []

[89]
Overfull \hbox (45.48906pt too wide) in paragraph at lines 736--737
[] 
 []


Overfull \hbox (45.48906pt too wide) in paragraph at lines 757--758
[] 
 []


Overfull \hbox (45.48906pt too wide) in paragraph at lines 778--779
[] 
 []


Overfull \hbox (45.48906pt too wide) in paragraph at lines 799--800
[] 
 []

[90]
Overfull \hbox (45.48906pt too wide) in paragraph at lines 820--821
[] 
 []


Overfull \hbox (45.48906pt too wide) in paragraph at lines 841--842
[] 
 []


Overfull \hbox (45.48906pt too wide) in paragraph at lines 862--863
[] 
 []


Overfull \hbox (45.48906pt too wide) in paragraph at lines 883--884
[] 
 []


Overfull \hbox (45.48906pt too wide) in paragraph at lines 904--905
[] 
 []

[91]
Overfull \hbox (45.48906pt too wide) in paragraph at lines 925--926
[] 
 []


Overfull \hbox (45.48906pt too wide) in paragraph at lines 948--949
[] 
 []


Overfull \hbox (45.48906pt too wide) in paragraph at lines 968--969
[] 
 []


Overfull \hbox (45.48906pt too wide) in paragraph at lines 989--990
[] 
 []


Overfull \hbox (45.48906pt too wide) in paragraph at lines 1012--1013
[] 
 []

[92]
Overfull \hbox (45.48906pt too wide) in paragraph at lines 1030--1031
[] 
 []


Overfull \hbox (45.48906pt too wide) in paragraph at lines 1046--1047
[] 
 []


Overfull \hbox (45.48906pt too wide) in paragraph at lines 1063--1064
[] 
 []


Overfull \hbox (45.48906pt too wide) in paragraph at lines 1080--1081
[] 
 []


Overfull \hbox (45.48906pt too wide) in paragraph at lines 1097--1098
[] 
 []

) [93]
\openout2 = `chapter12.aux'.

 (./chapter12.tex [94




]
Chapter 12.

Package hyperref Warning: Token not allowed in a PDF string (Unicode):
(hyperref)                removing `\sanskrit' on input line 1.


Overfull \hbox (45.48906pt too wide) in paragraph at lines 15--16
[] 
 []


Overfull \hbox (45.48906pt too wide) in paragraph at lines 33--34
[] 
 []


Overfull \hbox (45.48906pt too wide) in paragraph at lines 50--51
[] 
 []


Overfull \hbox (45.48906pt too wide) in paragraph at lines 67--68
[] 
 []

[95]
Overfull \hbox (45.48906pt too wide) in paragraph at lines 84--85
[] 
 []


Overfull \hbox (45.48906pt too wide) in paragraph at lines 101--102
[] 
 []


Overfull \hbox (45.48906pt too wide) in paragraph at lines 118--119
[] 
 []


Overfull \hbox (45.48906pt too wide) in paragraph at lines 135--136
[] 
 []


Overfull \hbox (45.48906pt too wide) in paragraph at lines 152--153
[] 
 []


Overfull \hbox (45.48906pt too wide) in paragraph at lines 169--170
[] 
 []


Overfull \hbox (45.48906pt too wide) in paragraph at lines 185--186
[] 
 []

[96]
Overfull \hbox (45.48906pt too wide) in paragraph at lines 202--203
[] 
 []


Overfull \hbox (45.48906pt too wide) in paragraph at lines 221--222
[] 
 []


Overfull \hbox (45.48906pt too wide) in paragraph at lines 238--239
[] 
 []


Overfull \hbox (45.48906pt too wide) in paragraph at lines 257--258
[] 
 []


Overfull \hbox (45.48906pt too wide) in paragraph at lines 275--276
[] 
 []


Overfull \hbox (45.48906pt too wide) in paragraph at lines 292--293
[] 
 []

[97]
Overfull \hbox (45.48906pt too wide) in paragraph at lines 309--310
[] 
 []


Overfull \hbox (45.48906pt too wide) in paragraph at lines 326--327
[] 
 []


Overfull \hbox (45.48906pt too wide) in paragraph at lines 343--344
[] 
 []

) [98]
\openout2 = `chapter13.aux'.

 (./chapter13.tex
Chapter 13.

Package hyperref Warning: Token not allowed in a PDF string (Unicode):
(hyperref)                removing `\sanskrit' on input line 1.


Overfull \hbox (45.48906pt too wide) in paragraph at lines 15--16
[] 
 []


Overfull \hbox (45.48906pt too wide) in paragraph at lines 34--35
[] 
 []


Overfull \hbox (45.48906pt too wide) in paragraph at lines 51--52
[] 
 []


Overfull \hbox (45.48906pt too wide) in paragraph at lines 68--69
[] 
 []


Overfull \hbox (45.48906pt too wide) in paragraph at lines 84--85
[] 
 []

[99




]
Overfull \hbox (45.48906pt too wide) in paragraph at lines 101--102
[] 
 []


Overfull \hbox (45.48906pt too wide) in paragraph at lines 118--119
[] 
 []


Overfull \hbox (45.48906pt too wide) in paragraph at lines 135--136
[] 
 []


Overfull \hbox (45.48906pt too wide) in paragraph at lines 152--153
[] 
 []


Overfull \hbox (45.48906pt too wide) in paragraph at lines 169--170
[] 
 []


Overfull \hbox (45.48906pt too wide) in paragraph at lines 185--186
[] 
 []


Package Fancyhdr Warning: \headheight is too small (16.05707pt): 
Make it at least 16.08049pt.
We now make it that large for the rest of the document.
This may cause the page layout to be inconsistent, however.

[100]
Overfull \hbox (45.48906pt too wide) in paragraph at lines 202--203
[] 
 []


Overfull \hbox (45.48906pt too wide) in paragraph at lines 219--220
[] 
 []


Overfull \hbox (45.48906pt too wide) in paragraph at lines 236--237
[] 
 []


Overfull \hbox (45.48906pt too wide) in paragraph at lines 253--254
[] 
 []


Overfull \hbox (45.48906pt too wide) in paragraph at lines 270--271
[] 
 []


Overfull \hbox (45.48906pt too wide) in paragraph at lines 286--287
[] 
 []


Overfull \hbox (45.48906pt too wide) in paragraph at lines 303--304
[] 
 []

[101]
Overfull \hbox (45.48906pt too wide) in paragraph at lines 320--321
[] 
 []


Overfull \hbox (45.48906pt too wide) in paragraph at lines 337--338
[] 
 []


Overfull \hbox (45.48906pt too wide) in paragraph at lines 354--355
[] 
 []


Overfull \hbox (45.48906pt too wide) in paragraph at lines 371--372
[] 
 []


Overfull \hbox (45.48906pt too wide) in paragraph at lines 387--388
[] 
 []


Overfull \hbox (45.48906pt too wide) in paragraph at lines 404--405
[] 
 []

[102]
Overfull \hbox (45.48906pt too wide) in paragraph at lines 421--422
[] 
 []


Overfull \hbox (45.48906pt too wide) in paragraph at lines 438--439
[] 
 []


Overfull \hbox (45.48906pt too wide) in paragraph at lines 455--456
[] 
 []


Overfull \hbox (45.48906pt too wide) in paragraph at lines 471--472
[] 
 []


Overfull \hbox (45.48906pt too wide) in paragraph at lines 488--489
[] 
 []


Overfull \hbox (45.48906pt too wide) in paragraph at lines 505--506
[] 
 []


Overfull \hbox (45.48906pt too wide) in paragraph at lines 522--523
[] 
 []

[103]
Overfull \hbox (45.48906pt too wide) in paragraph at lines 539--540
[] 
 []


Overfull \hbox (45.48906pt too wide) in paragraph at lines 556--557
[] 
 []


Overfull \hbox (45.48906pt too wide) in paragraph at lines 572--573
[] 
 []


Overfull \hbox (45.48906pt too wide) in paragraph at lines 589--590
[] 
 []

) [104]
\openout2 = `chapter14.aux'.

 (./chapter14.tex
Chapter 14.

Package hyperref Warning: Token not allowed in a PDF string (Unicode):
(hyperref)                removing `\sanskrit' on input line 1.


Overfull \hbox (45.48906pt too wide) in paragraph at lines 15--16
[] 
 []


Overfull \hbox (45.48906pt too wide) in paragraph at lines 32--33
[] 
 []


Overfull \hbox (45.48906pt too wide) in paragraph at lines 49--50
[] 
 []


Overfull \hbox (45.48906pt too wide) in paragraph at lines 66--67
[] 
 []


Overfull \hbox (45.48906pt too wide) in paragraph at lines 83--84
[] 
 []

[105




]
Overfull \hbox (45.48906pt too wide) in paragraph at lines 99--100
[] 
 []


Overfull \hbox (45.48906pt too wide) in paragraph at lines 116--117
[] 
 []


Overfull \hbox (45.48906pt too wide) in paragraph at lines 133--134
[] 
 []


Overfull \hbox (45.48906pt too wide) in paragraph at lines 150--151
[] 
 []


Overfull \hbox (45.48906pt too wide) in paragraph at lines 167--168
[] 
 []


Overfull \hbox (45.48906pt too wide) in paragraph at lines 184--185
[] 
 []


Overfull \hbox (45.48906pt too wide) in paragraph at lines 200--201
[] 
 []

[106]
Overfull \hbox (45.48906pt too wide) in paragraph at lines 217--218
[] 
 []


Overfull \hbox (45.48906pt too wide) in paragraph at lines 234--235
[] 
 []


Overfull \hbox (45.48906pt too wide) in paragraph at lines 251--252
[] 
 []


Overfull \hbox (45.48906pt too wide) in paragraph at lines 268--269
[] 
 []


Overfull \hbox (45.48906pt too wide) in paragraph at lines 285--286
[] 
 []


Overfull \hbox (45.48906pt too wide) in paragraph at lines 301--302
[] 
 []

[107]
Overfull \hbox (45.48906pt too wide) in paragraph at lines 318--319
[] 
 []


Overfull \hbox (45.48906pt too wide) in paragraph at lines 335--336
[] 
 []


Overfull \hbox (45.48906pt too wide) in paragraph at lines 353--354
[] 
 []


Overfull \hbox (45.48906pt too wide) in paragraph at lines 371--372
[] 
 []


Overfull \hbox (45.48906pt too wide) in paragraph at lines 388--389
[] 
 []


Overfull \hbox (45.48906pt too wide) in paragraph at lines 405--406
[] 
 []

[108]
Overfull \hbox (45.48906pt too wide) in paragraph at lines 422--423
[] 
 []


Overfull \hbox (45.48906pt too wide) in paragraph at lines 439--440
[] 
 []


Overfull \hbox (45.48906pt too wide) in paragraph at lines 456--457
[] 
 []

) [109]
\openout2 = `chapter15.aux'.

 (./chapter15.tex [110




]
Chapter 15.

Package hyperref Warning: Token not allowed in a PDF string (Unicode):
(hyperref)                removing `\sanskrit' on input line 1.


Overfull \hbox (45.48906pt too wide) in paragraph at lines 15--16
[] 
 []


Overfull \hbox (45.48906pt too wide) in paragraph at lines 34--35
[] 
 []


Overfull \hbox (45.48906pt too wide) in paragraph at lines 53--54
[] 
 []


Overfull \hbox (45.48906pt too wide) in paragraph at lines 72--73
[] 
 []


Overfull \hbox (45.48906pt too wide) in paragraph at lines 90--91
[] 
 []

[111]
Overfull \hbox (45.48906pt too wide) in paragraph at lines 107--108
[] 
 []


Overfull \hbox (45.48906pt too wide) in paragraph at lines 124--125
[] 
 []


Overfull \hbox (45.48906pt too wide) in paragraph at lines 141--142
[] 
 []


Overfull \hbox (45.48906pt too wide) in paragraph at lines 158--159
[] 
 []


Overfull \hbox (45.48906pt too wide) in paragraph at lines 175--176
[] 
 []


Overfull \hbox (45.48906pt too wide) in paragraph at lines 192--193
[] 
 []


Overfull \hbox (45.48906pt too wide) in paragraph at lines 209--210
[] 
 []

[112]
Overfull \hbox (45.48906pt too wide) in paragraph at lines 226--227
[] 
 []


Overfull \hbox (45.48906pt too wide) in paragraph at lines 243--244
[] 
 []


Overfull \hbox (45.48906pt too wide) in paragraph at lines 262--263
[] 
 []


Overfull \hbox (45.48906pt too wide) in paragraph at lines 279--280
[] 
 []


Overfull \hbox (45.48906pt too wide) in paragraph at lines 296--297
[] 
 []


Overfull \hbox (45.48906pt too wide) in paragraph at lines 313--314
[] 
 []

[113]
Overfull \hbox (45.48906pt too wide) in paragraph at lines 330--331
[] 
 []


Overfull \hbox (45.48906pt too wide) in paragraph at lines 347--348
[] 
 []

) [114]
\openout2 = `chapter16.aux'.

 (./chapter16.tex
Chapter 16.

Package hyperref Warning: Token not allowed in a PDF string (Unicode):
(hyperref)                removing `\sanskrit' on input line 1.


Overfull \hbox (45.48906pt too wide) in paragraph at lines 15--16
[] 
 []


Overfull \hbox (45.48906pt too wide) in paragraph at lines 32--33
[] 
 []


Overfull \hbox (45.48906pt too wide) in paragraph at lines 49--50
[] 
 []


Overfull \hbox (45.48906pt too wide) in paragraph at lines 66--67
[] 
 []


Overfull \hbox (45.48906pt too wide) in paragraph at lines 83--84
[] 
 []

[115




]
Overfull \hbox (45.48906pt too wide) in paragraph at lines 99--100
[] 
 []


Overfull \hbox (45.48906pt too wide) in paragraph at lines 116--117
[] 
 []


Overfull \hbox (45.48906pt too wide) in paragraph at lines 133--134
[] 
 []


Overfull \hbox (45.48906pt too wide) in paragraph at lines 150--151
[] 
 []


Overfull \hbox (45.48906pt too wide) in paragraph at lines 167--168
[] 
 []


Overfull \hbox (45.48906pt too wide) in paragraph at lines 184--185
[] 
 []


Overfull \hbox (45.48906pt too wide) in paragraph at lines 200--201
[] 
 []

[116]
Overfull \hbox (45.48906pt too wide) in paragraph at lines 217--218
[] 
 []


Overfull \hbox (45.48906pt too wide) in paragraph at lines 234--235
[] 
 []


Overfull \hbox (45.48906pt too wide) in paragraph at lines 251--252
[] 
 []


Overfull \hbox (45.48906pt too wide) in paragraph at lines 268--269
[] 
 []


Overfull \hbox (45.48906pt too wide) in paragraph at lines 285--286
[] 
 []


Overfull \hbox (45.48906pt too wide) in paragraph at lines 301--302
[] 
 []

[117]
Overfull \hbox (45.48906pt too wide) in paragraph at lines 318--319
[] 
 []


Overfull \hbox (45.48906pt too wide) in paragraph at lines 335--336
[] 
 []


Overfull \hbox (45.48906pt too wide) in paragraph at lines 352--353
[] 
 []


Overfull \hbox (45.48906pt too wide) in paragraph at lines 369--370
[] 
 []


Overfull \hbox (45.48906pt too wide) in paragraph at lines 386--387
[] 
 []


Overfull \hbox (45.48906pt too wide) in paragraph at lines 402--403
[] 
 []

) [118]
\openout2 = `chapter17.aux'.

 (./chapter17.tex
Chapter 17.

Package hyperref Warning: Token not allowed in a PDF string (Unicode):
(hyperref)                removing `\sanskrit' on input line 1.


Overfull \hbox (45.48906pt too wide) in paragraph at lines 15--16
[] 
 []


Overfull \hbox (45.48906pt too wide) in paragraph at lines 34--35
[] 
 []


Overfull \hbox (45.48906pt too wide) in paragraph at lines 51--52
[] 
 []


Overfull \hbox (45.48906pt too wide) in paragraph at lines 68--69
[] 
 []


Overfull \hbox (45.48906pt too wide) in paragraph at lines 84--85
[] 
 []

[119




]
Overfull \hbox (45.48906pt too wide) in paragraph at lines 101--102
[] 
 []


Overfull \hbox (45.48906pt too wide) in paragraph at lines 118--119
[] 
 []


Overfull \hbox (45.48906pt too wide) in paragraph at lines 135--136
[] 
 []


Overfull \hbox (45.48906pt too wide) in paragraph at lines 152--153
[] 
 []


Overfull \hbox (45.48906pt too wide) in paragraph at lines 169--170
[] 
 []


Overfull \hbox (45.48906pt too wide) in paragraph at lines 185--186
[] 
 []

[120]
Overfull \hbox (45.48906pt too wide) in paragraph at lines 202--203
[] 
 []


Overfull \hbox (45.48906pt too wide) in paragraph at lines 219--220
[] 
 []


Overfull \hbox (45.48906pt too wide) in paragraph at lines 236--237
[] 
 []


Overfull \hbox (45.48906pt too wide) in paragraph at lines 253--254
[] 
 []


Overfull \hbox (45.48906pt too wide) in paragraph at lines 270--271
[] 
 []


Overfull \hbox (45.48906pt too wide) in paragraph at lines 286--287
[] 
 []


Overfull \hbox (45.48906pt too wide) in paragraph at lines 303--304
[] 
 []

[121]
Overfull \hbox (45.48906pt too wide) in paragraph at lines 320--321
[] 
 []


Overfull \hbox (45.48906pt too wide) in paragraph at lines 337--338
[] 
 []


Overfull \hbox (45.48906pt too wide) in paragraph at lines 354--355
[] 
 []


Overfull \hbox (45.48906pt too wide) in paragraph at lines 371--372
[] 
 []


Overfull \hbox (45.48906pt too wide) in paragraph at lines 387--388
[] 
 []


Overfull \hbox (45.48906pt too wide) in paragraph at lines 404--405
[] 
 []

[122]
Overfull \hbox (45.48906pt too wide) in paragraph at lines 421--422
[] 
 []


Overfull \hbox (45.48906pt too wide) in paragraph at lines 438--439
[] 
 []


Overfull \hbox (45.48906pt too wide) in paragraph at lines 455--456
[] 
 []


Overfull \hbox (45.48906pt too wide) in paragraph at lines 472--473
[] 
 []

) [123]
\openout2 = `chapter18.aux'.

 (./chapter18.tex [124




]
Chapter 18.

Package hyperref Warning: Token not allowed in a PDF string (Unicode):
(hyperref)                removing `\sanskrit' on input line 1.


Overfull \hbox (45.48906pt too wide) in paragraph at lines 15--16
[] 
 []


Overfull \hbox (45.48906pt too wide) in paragraph at lines 34--35
[] 
 []


Overfull \hbox (45.48906pt too wide) in paragraph at lines 51--52
[] 
 []


Overfull \hbox (45.48906pt too wide) in paragraph at lines 68--69
[] 
 []


Overfull \hbox (45.48906pt too wide) in paragraph at lines 84--85
[] 
 []

[125]
Overfull \hbox (45.48906pt too wide) in paragraph at lines 101--102
[] 
 []


Overfull \hbox (45.48906pt too wide) in paragraph at lines 118--119
[] 
 []


Overfull \hbox (45.48906pt too wide) in paragraph at lines 135--136
[] 
 []


Overfull \hbox (45.48906pt too wide) in paragraph at lines 152--153
[] 
 []


Overfull \hbox (45.48906pt too wide) in paragraph at lines 169--170
[] 
 []


Overfull \hbox (45.48906pt too wide) in paragraph at lines 185--186
[] 
 []

[126]
Overfull \hbox (45.48906pt too wide) in paragraph at lines 202--203
[] 
 []


Overfull \hbox (45.48906pt too wide) in paragraph at lines 219--220
[] 
 []


Overfull \hbox (45.48906pt too wide) in paragraph at lines 236--237
[] 
 []


Overfull \hbox (45.48906pt too wide) in paragraph at lines 253--254
[] 
 []


Overfull \hbox (45.48906pt too wide) in paragraph at lines 270--271
[] 
 []


Overfull \hbox (45.48906pt too wide) in paragraph at lines 286--287
[] 
 []


Overfull \hbox (45.48906pt too wide) in paragraph at lines 303--304
[] 
 []

[127]
Overfull \hbox (45.48906pt too wide) in paragraph at lines 320--321
[] 
 []


Overfull \hbox (45.48906pt too wide) in paragraph at lines 337--338
[] 
 []


Overfull \hbox (45.48906pt too wide) in paragraph at lines 354--355
[] 
 []


Overfull \hbox (45.48906pt too wide) in paragraph at lines 371--372
[] 
 []


Overfull \hbox (45.48906pt too wide) in paragraph at lines 387--388
[] 
 []


Overfull \hbox (45.48906pt too wide) in paragraph at lines 404--405
[] 
 []

[128]
Overfull \hbox (45.48906pt too wide) in paragraph at lines 421--422
[] 
 []


Overfull \hbox (45.48906pt too wide) in paragraph at lines 438--439
[] 
 []


Overfull \hbox (45.48906pt too wide) in paragraph at lines 455--456
[] 
 []


Overfull \hbox (45.48906pt too wide) in paragraph at lines 472--473
[] 
 []


Overfull \hbox (45.48906pt too wide) in paragraph at lines 488--489
[] 
 []


Overfull \hbox (45.48906pt too wide) in paragraph at lines 505--506
[] 
 []


Overfull \hbox (45.48906pt too wide) in paragraph at lines 522--523
[] 
 []

[129]
Overfull \hbox (45.48906pt too wide) in paragraph at lines 539--540
[] 
 []


Overfull \hbox (45.48906pt too wide) in paragraph at lines 556--557
[] 
 []


Overfull \hbox (45.48906pt too wide) in paragraph at lines 573--574
[] 
 []


Overfull \hbox (45.48906pt too wide) in paragraph at lines 589--590
[] 
 []


Overfull \hbox (45.48906pt too wide) in paragraph at lines 606--607
[] 
 []


Overfull \hbox (45.48906pt too wide) in paragraph at lines 623--624
[] 
 []

[130]
Overfull \hbox (45.48906pt too wide) in paragraph at lines 640--641
[] 
 []


Overfull \hbox (45.48906pt too wide) in paragraph at lines 657--658
[] 
 []


Overfull \hbox (45.48906pt too wide) in paragraph at lines 674--675
[] 
 []


Overfull \hbox (45.48906pt too wide) in paragraph at lines 690--691
[] 
 []


Overfull \hbox (45.48906pt too wide) in paragraph at lines 707--708
[] 
 []


Overfull \hbox (45.48906pt too wide) in paragraph at lines 724--725
[] 
 []


Overfull \hbox (45.48906pt too wide) in paragraph at lines 741--742
[] 
 []

[131]
Overfull \hbox (45.48906pt too wide) in paragraph at lines 758--759
[] 
 []


Overfull \hbox (45.48906pt too wide) in paragraph at lines 775--776
[] 
 []


Overfull \hbox (45.48906pt too wide) in paragraph at lines 791--792
[] 
 []


Overfull \hbox (45.48906pt too wide) in paragraph at lines 808--809
[] 
 []


Overfull \hbox (45.48906pt too wide) in paragraph at lines 825--826
[] 
 []


Overfull \hbox (45.48906pt too wide) in paragraph at lines 842--843
[] 
 []

[132]
Overfull \hbox (45.48906pt too wide) in paragraph at lines 859--860
[] 
 []


Overfull \hbox (45.48906pt too wide) in paragraph at lines 876--877
[] 
 []


Overfull \hbox (45.48906pt too wide) in paragraph at lines 892--893
[] 
 []


Overfull \hbox (45.48906pt too wide) in paragraph at lines 909--910
[] 
 []


Overfull \hbox (45.48906pt too wide) in paragraph at lines 926--927
[] 
 []


Overfull \hbox (45.48906pt too wide) in paragraph at lines 943--944
[] 
 []


Overfull \hbox (45.48906pt too wide) in paragraph at lines 960--961
[] 
 []

[133]
Overfull \hbox (45.48906pt too wide) in paragraph at lines 977--978
[] 
 []


Overfull \hbox (45.48906pt too wide) in paragraph at lines 993--994
[] 
 []


Overfull \hbox (45.48906pt too wide) in paragraph at lines 1010--1011
[] 
 []


Overfull \hbox (45.48906pt too wide) in paragraph at lines 1027--1028
[] 
 []


Overfull \hbox (45.48906pt too wide) in paragraph at lines 1044--1045
[] 
 []


Overfull \hbox (45.48906pt too wide) in paragraph at lines 1061--1062
[] 
 []

[134]
Overfull \hbox (45.48906pt too wide) in paragraph at lines 1078--1079
[] 
 []


Overfull \hbox (45.48906pt too wide) in paragraph at lines 1094--1095
[] 
 []


Overfull \hbox (45.48906pt too wide) in paragraph at lines 1111--1112
[] 
 []


Overfull \hbox (45.48906pt too wide) in paragraph at lines 1128--1129
[] 
 []


Overfull \hbox (45.48906pt too wide) in paragraph at lines 1145--1146
[] 
 []


Overfull \hbox (45.48906pt too wide) in paragraph at lines 1162--1163
[] 
 []


Overfull \hbox (45.48906pt too wide) in paragraph at lines 1179--1180
[] 
 []

[135]
Overfull \hbox (45.48906pt too wide) in paragraph at lines 1197--1198
[] 
 []


Overfull \hbox (45.48906pt too wide) in paragraph at lines 1214--1215
[] 
 []


Overfull \hbox (45.48906pt too wide) in paragraph at lines 1232--1233
[] 
 []


Overfull \hbox (45.48906pt too wide) in paragraph at lines 1251--1252
[] 
 []


Overfull \hbox (45.48906pt too wide) in paragraph at lines 1268--1269
[] 
 []

[136]
Overfull \hbox (45.48906pt too wide) in paragraph at lines 1286--1287
[] 
 []


Overfull \hbox (45.48906pt too wide) in paragraph at lines 1303--1304
[] 
 []


Overfull \hbox (45.48906pt too wide) in paragraph at lines 1320--1321
[] 
 []

) [137] [138


]
Invalid UTF-8 byte or sequence at line 65 replaced by U+FFFD.
Invalid UTF-8 byte or sequence at line 65 replaced by U+FFFD.
Invalid UTF-8 byte or sequence at line 65 replaced by U+FFFD.
Invalid UTF-8 byte or sequence at line 65 replaced by U+FFFD.
Invalid UTF-8 byte or sequence at line 65 replaced by U+FFFD.
Invalid UTF-8 byte or sequence at line 65 replaced by U+FFFD.
Invalid UTF-8 byte or sequence at line 65 replaced by U+FFFD.
Invalid UTF-8 byte or sequence at line 65 replaced by U+FFFD.
Invalid UTF-8 byte or sequence at line 65 replaced by U+FFFD.
File: eps3.eps Graphic file (type eps)
<eps3.eps>
File: ISBN.png Graphic file (type bmp)
<ISBN.png>
 [139

] (./gitocharan.aux (./introduction.aux) (./chapter1.aux)
(./chapter2.aux) (./chapter3.aux) (./chapter4.aux) (./chapter5.aux)
(./chapter6.aux) (./chapter7.aux) (./chapter8.aux) (./chapter9.aux)
(./chapter10.aux) (./chapter11.aux) (./chapter12.aux) (./chapter13.aux)
(./chapter14.aux) (./chapter15.aux) (./chapter16.aux) (./chapter17.aux)
(./chapter18.aux))
Package rerunfilecheck Info: File `gitocharan.out' has not changed.
(rerunfilecheck)             Checksum: 0E1F911EA7ADD3716CF5EFACC25E290B;2952.


LaTeX Font Warning: Some font shapes were not available, defaults substituted.

 ) 
Here is how much of TeX's memory you used:
 12879 strings out of 477401
 236387 string characters out of 5838698
 620885 words of memory out of 5000000
 32095 multiletter control sequences out of 15000+600000
 539257 words of font info for 62 fonts, out of 8000000 for 9000
 1348 hyphenation exceptions out of 8191
 78i,12n,88p,1113b,411s stack positions out of 5000i,500n,10000p,200000b,80000s

Output written on gitocharan.pdf (139 pages).
